--------------- Build Started: 02/16/2025 16:06:08 Project: CyController1, Configuration: ARM GCC 5.4-2016-q2-update Debug ---------------
cydsfit.exe -.appdatapath "C:\Users\billy\AppData\Local\Cypress Semiconductor\PSoC Creator\4.2" -.fdsnotice -.fdswarpdepfile=warp_dependencies.txt -.fdselabdepfile=elab_dependencies.txt -.fdsbldfile=generated_files.txt -.fdsreffile=referenced_files.txt -p "C:\Users\billy\Documents\PSoC Creator\PSoC-5LP-Gamepad\CyController1.cydsn\CyController1.cyprj" -d CY8C5888LTI-LP097 -s "C:\Users\billy\Documents\PSoC Creator\PSoC-5LP-Gamepad\CyController1.cydsn\Generated_Source\PSoC5" -- -yv2 -q10 -ygs -o2 -v3 -.fftcfgtype=LE
Elaborating Design...
HDL Generation...
Synthesis...
Tech Mapping...
ADD: pft.M0040: information: The following 6 pin(s) will be assigned a location by the fitter: Button_37_42_P15(0), Button_37_42_P15(1), Button_37_42_P15(2), Button_37_42_P15(3), Button_37_42_P15(4), Button_37_42_P15(5)
Analog Placement...
Analog Routing...
Analog Code Generation...
Digital Placement...
Digital Routing...
Bitstream Generation...
Bitstream Verification...
Static timing analysis...
API Generation...
Dependency Generation...
Cleanup...
arm-none-eabi-gcc.exe -mcpu=cortex-m3 -mthumb -I. -IGenerated_Source\PSoC5 -Wa,-alh=.\CortexM3\ARM_GCC_541\Debug/main.lst -g -D DEBUG -Wall -ffunction-sections -ffat-lto-objects -Og -c main.c -o .\CortexM3\ARM_GCC_541\Debug\main.o
arm-none-eabi-gcc.exe -mcpu=cortex-m3 -mthumb -I. -IGenerated_Source\PSoC5 -Wa,-alh=.\CortexM3\ARM_GCC_541\Debug/USBFS_1.lst -g -D DEBUG -Wall -ffunction-sections -ffat-lto-objects -Og -c Generated_Source\PSoC5\USBFS_1.c -o .\CortexM3\ARM_GCC_541\Debug\USBFS_1.o
arm-none-eabi-gcc.exe -mcpu=cortex-m3 -mthumb -I. -IGenerated_Source\PSoC5 -Wa,-alh=.\CortexM3\ARM_GCC_541\Debug/USBFS_1_audio.lst -g -D DEBUG -Wall -ffunction-sections -ffat-lto-objects -Og -c Generated_Source\PSoC5\USBFS_1_audio.c -o .\CortexM3\ARM_GCC_541\Debug\USBFS_1_audio.o
arm-none-eabi-gcc.exe -mcpu=cortex-m3 -mthumb -I. -IGenerated_Source\PSoC5 -Wa,-alh=.\CortexM3\ARM_GCC_541\Debug/USBFS_1_boot.lst -g -D DEBUG -Wall -ffunction-sections -ffat-lto-objects -Og -c Generated_Source\PSoC5\USBFS_1_boot.c -o .\CortexM3\ARM_GCC_541\Debug\USBFS_1_boot.o
arm-none-eabi-gcc.exe -mcpu=cortex-m3 -mthumb -I. -IGenerated_Source\PSoC5 -Wa,-alh=.\CortexM3\ARM_GCC_541\Debug/USBFS_1_cdc.lst -g -D DEBUG -Wall -ffunction-sections -ffat-lto-objects -Og -c Generated_Source\PSoC5\USBFS_1_cdc.c -o .\CortexM3\ARM_GCC_541\Debug\USBFS_1_cdc.o
arm-none-eabi-gcc.exe -mcpu=cortex-m3 -mthumb -I. -IGenerated_Source\PSoC5 -Wa,-alh=.\CortexM3\ARM_GCC_541\Debug/USBFS_1_cls.lst -g -D DEBUG -Wall -ffunction-sections -ffat-lto-objects -Og -c Generated_Source\PSoC5\USBFS_1_cls.c -o .\CortexM3\ARM_GCC_541\Debug\USBFS_1_cls.o
arm-none-eabi-gcc.exe -mcpu=cortex-m3 -mthumb -I. -IGenerated_Source\PSoC5 -Wa,-alh=.\CortexM3\ARM_GCC_541\Debug/USBFS_1_descr.lst -g -D DEBUG -Wall -ffunction-sections -ffat-lto-objects -Og -c Generated_Source\PSoC5\USBFS_1_descr.c -o .\CortexM3\ARM_GCC_541\Debug\USBFS_1_descr.o
arm-none-eabi-gcc.exe -mcpu=cortex-m3 -mthumb -I. -IGenerated_Source\PSoC5 -Wa,-alh=.\CortexM3\ARM_GCC_541\Debug/USBFS_1_drv.lst -g -D DEBUG -Wall -ffunction-sections -ffat-lto-objects -Og -c Generated_Source\PSoC5\USBFS_1_drv.c -o .\CortexM3\ARM_GCC_541\Debug\USBFS_1_drv.o
arm-none-eabi-gcc.exe -mcpu=cortex-m3 -mthumb -I. -IGenerated_Source\PSoC5 -Wa,-alh=.\CortexM3\ARM_GCC_541\Debug/USBFS_1_episr.lst -g -D DEBUG -Wall -ffunction-sections -ffat-lto-objects -Og -c Generated_Source\PSoC5\USBFS_1_episr.c -o .\CortexM3\ARM_GCC_541\Debug\USBFS_1_episr.o
arm-none-eabi-gcc.exe -mcpu=cortex-m3 -mthumb -I. -IGenerated_Source\PSoC5 -Wa,-alh=.\CortexM3\ARM_GCC_541\Debug/USBFS_1_hid.lst -g -D DEBUG -Wall -ffunction-sections -ffat-lto-objects -Og -c Generated_Source\PSoC5\USBFS_1_hid.c -o .\CortexM3\ARM_GCC_541\Debug\USBFS_1_hid.o
arm-none-eabi-gcc.exe -mcpu=cortex-m3 -mthumb -I. -IGenerated_Source\PSoC5 -Wa,-alh=.\CortexM3\ARM_GCC_541\Debug/USBFS_1_pm.lst -g -D DEBUG -Wall -ffunction-sections -ffat-lto-objects -Og -c Generated_Source\PSoC5\USBFS_1_pm.c -o .\CortexM3\ARM_GCC_541\Debug\USBFS_1_pm.o
arm-none-eabi-gcc.exe -mcpu=cortex-m3 -mthumb -I. -IGenerated_Source\PSoC5 -Wa,-alh=.\CortexM3\ARM_GCC_541\Debug/USBFS_1_std.lst -g -D DEBUG -Wall -ffunction-sections -ffat-lto-objects -Og -c Generated_Source\PSoC5\USBFS_1_std.c -o .\CortexM3\ARM_GCC_541\Debug\USBFS_1_std.o
arm-none-eabi-gcc.exe -mcpu=cortex-m3 -mthumb -I. -IGenerated_Source\PSoC5 -Wa,-alh=.\CortexM3\ARM_GCC_541\Debug/USBFS_1_vnd.lst -g -D DEBUG -Wall -ffunction-sections -ffat-lto-objects -Og -c Generated_Source\PSoC5\USBFS_1_vnd.c -o .\CortexM3\ARM_GCC_541\Debug\USBFS_1_vnd.o
arm-none-eabi-gcc.exe -mcpu=cortex-m3 -mthumb -I. -IGenerated_Source\PSoC5 -Wa,-alh=.\CortexM3\ARM_GCC_541\Debug/USBFS_1_midi.lst -g -D DEBUG -Wall -ffunction-sections -ffat-lto-objects -Og -c Generated_Source\PSoC5\USBFS_1_midi.c -o .\CortexM3\ARM_GCC_541\Debug\USBFS_1_midi.o
arm-none-eabi-gcc.exe -mcpu=cortex-m3 -mthumb -I. -IGenerated_Source\PSoC5 -Wa,-alh=.\CortexM3\ARM_GCC_541\Debug/USBFS_1_msc.lst -g -D DEBUG -Wall -ffunction-sections -ffat-lto-objects -Og -c Generated_Source\PSoC5\USBFS_1_msc.c -o .\CortexM3\ARM_GCC_541\Debug\USBFS_1_msc.o
arm-none-eabi-ar.exe -rs .\CortexM3\ARM_GCC_541\Debug\CyController1.a .\CortexM3\ARM_GCC_541\Debug\USBFS_1.o .\CortexM3\ARM_GCC_541\Debug\USBFS_1_audio.o .\CortexM3\ARM_GCC_541\Debug\USBFS_1_boot.o .\CortexM3\ARM_GCC_541\Debug\USBFS_1_cdc.o .\CortexM3\ARM_GCC_541\Debug\USBFS_1_cls.o .\CortexM3\ARM_GCC_541\Debug\USBFS_1_descr.o .\CortexM3\ARM_GCC_541\Debug\USBFS_1_drv.o .\CortexM3\ARM_GCC_541\Debug\USBFS_1_episr.o .\CortexM3\ARM_GCC_541\Debug\USBFS_1_hid.o .\CortexM3\ARM_GCC_541\Debug\USBFS_1_pm.o .\CortexM3\ARM_GCC_541\Debug\USBFS_1_std.o .\CortexM3\ARM_GCC_541\Debug\USBFS_1_vnd.o .\CortexM3\ARM_GCC_541\Debug\USBFS_1_midi.o .\CortexM3\ARM_GCC_541\Debug\USBFS_1_msc.o .\CortexM3\ARM_GCC_541\Debug\Clock_1.o .\CortexM3\ARM_GCC_541\Debug\ButtonReg1.o .\CortexM3\ARM_GCC_541\Debug\ButtonReg2.o .\CortexM3\ARM_GCC_541\Debug\ButtonReg3.o .\CortexM3\ARM_GCC_541\Debug\USBFS_1_Dm.o .\CortexM3\ARM_GCC_541\Debug\USBFS_1_Dp.o .\CortexM3\ARM_GCC_541\Debug\cy_em_eeprom.o .\CortexM3\ARM_GCC_541\Debug\CyDmac.o .\CortexM3\ARM_GCC_541\Debug\CyFlash.o .\CortexM3\ARM_GCC_541\Debug\CyLib.o .\CortexM3\ARM_GCC_541\Debug\cyPm.o .\CortexM3\ARM_GCC_541\Debug\CySpc.o .\CortexM3\ARM_GCC_541\Debug\cyutils.o .\CortexM3\ARM_GCC_541\Debug\Button_1_8_P0.o .\CortexM3\ARM_GCC_541\Debug\Button_9_16_P2.o .\CortexM3\ARM_GCC_541\Debug\Button_17_24_P3.o .\CortexM3\ARM_GCC_541\Debug\Button_31_36_P12.o .\CortexM3\ARM_GCC_541\Debug\Button_25_30_P1.o .\CortexM3\ARM_GCC_541\Debug\ButtonReg4.o .\CortexM3\ARM_GCC_541\Debug\Button_37_42_P15.o .\CortexM3\ARM_GCC_541\Debug\ButtonReg6.o .\CortexM3\ARM_GCC_541\Debug\ButtonReg5.o .\CortexM3\ARM_GCC_541\Debug\CyBootAsmGnu.o
arm-none-eabi-ar.exe: creating .\CortexM3\ARM_GCC_541\Debug\CyController1.a
arm-none-eabi-gcc.exe -Wl,--start-group -o "C:\Users\billy\Documents\PSoC Creator\PSoC-5LP-Gamepad\CyController1.cydsn\CortexM3\ARM_GCC_541\Debug\CyController1.elf" .\CortexM3\ARM_GCC_541\Debug\main.o .\CortexM3\ARM_GCC_541\Debug\cyfitter_cfg.o .\CortexM3\ARM_GCC_541\Debug\cymetadata.o .\CortexM3\ARM_GCC_541\Debug\Cm3Start.o .\CortexM3\ARM_GCC_541\Debug\CyController1.a "C:\Program Files (x86)\Cypress\PSoC Creator\4.2\PSoC Creator\psoc\content\cycomponentlibrary\CyComponentLibrary.cylib\CortexM3\ARM_GCC_541\Debug\CyComponentLibrary.a" -mcpu=cortex-m3 -mthumb -L Generated_Source\PSoC5 -Wl,-Map,.\CortexM3\ARM_GCC_541\Debug/CyController1.map -T Generated_Source\PSoC5\cm3gcc.ld -specs=nano.specs -Wl,--gc-sections -g -ffunction-sections -Og -ffat-lto-objects -Wl,--end-group
cyelftool.exe -C "C:\Users\billy\Documents\PSoC Creator\PSoC-5LP-Gamepad\CyController1.cydsn\CortexM3\ARM_GCC_541\Debug\CyController1.elf" --flash_row_size 256 --flash_size 262144 --flash_offset 0x00000000
No ELF section .cychecksum found, creating one
Application checksum calculated and stored in ELF section .cychecksum
Checksum calculated and stored in ELF section .cymeta
cyelftool.exe -S "C:\Users\billy\Documents\PSoC Creator\PSoC-5LP-Gamepad\CyController1.cydsn\CortexM3\ARM_GCC_541\Debug\CyController1.elf"
Flash used: 7126 of 262144 bytes (2.7%).
SRAM used: 2713 of 65536 bytes (4.1%). Stack: 2048 bytes. Heap: 128 bytes.
--------------- Build Succeeded: 02/16/2025 16:06:21 ---------------
