ARM GAS  C:\Users\billy\AppData\Local\Temp\ccX4d2pJ.s 			page 1


   1              		.syntax unified
   2              		.cpu cortex-m3
   3              		.fpu softvfp
   4              		.eabi_attribute 20, 1
   5              		.eabi_attribute 21, 1
   6              		.eabi_attribute 23, 3
   7              		.eabi_attribute 24, 1
   8              		.eabi_attribute 25, 1
   9              		.eabi_attribute 26, 1
  10              		.eabi_attribute 30, 1
  11              		.eabi_attribute 34, 1
  12              		.eabi_attribute 18, 4
  13              		.thumb
  14              		.syntax unified
  15              		.file	"cymetadata.c"
  16              		.text
  17              	.Ltext0:
  18              		.cfi_sections	.debug_frame
  19              		.global	cy_metadata
  20              		.global	cy_meta_flashprotect
  21              		.global	cy_meta_wonvl
  22              		.global	cy_meta_custnvl
  23              		.global	cy_meta_configecc
  24              		.section	.cyconfigecc,"a",%progbits
  25              		.align	2
  26              		.type	cy_meta_configecc, %object
  27              		.size	cy_meta_configecc, 1128
  28              	cy_meta_configecc:
  29 0000 01       		.byte	1
  30 0001 45       		.byte	69
  31 0002 00       		.byte	0
  32 0003 40       		.byte	64
  33 0004 06       		.byte	6
  34 0005 52       		.byte	82
  35 0006 00       		.byte	0
  36 0007 40       		.byte	64
  37 0008 1D       		.byte	29
  38 0009 02       		.byte	2
  39 000a 01       		.byte	1
  40 000b 40       		.byte	64
  41 000c 2B       		.byte	43
  42 000d 03       		.byte	3
  43 000e 01       		.byte	1
  44 000f 40       		.byte	64
  45 0010 08       		.byte	8
  46 0011 05       		.byte	5
  47 0012 01       		.byte	1
  48 0013 40       		.byte	64
  49 0014 09       		.byte	9
  50 0015 06       		.byte	6
  51 0016 01       		.byte	1
  52 0017 40       		.byte	64
  53 0018 14       		.byte	20
  54 0019 07       		.byte	7
  55 001a 01       		.byte	1
  56 001b 40       		.byte	64
  57 001c 1E       		.byte	30
ARM GAS  C:\Users\billy\AppData\Local\Temp\ccX4d2pJ.s 			page 2


  58 001d 08       		.byte	8
  59 001e 01       		.byte	1
  60 001f 40       		.byte	64
  61 0020 2D       		.byte	45
  62 0021 09       		.byte	9
  63 0022 01       		.byte	1
  64 0023 40       		.byte	64
  65 0024 0E       		.byte	14
  66 0025 0B       		.byte	11
  67 0026 01       		.byte	1
  68 0027 40       		.byte	64
  69 0028 06       		.byte	6
  70 0029 0D       		.byte	13
  71 002a 01       		.byte	1
  72 002b 40       		.byte	64
  73 002c 1B       		.byte	27
  74 002d 14       		.byte	20
  75 002e 01       		.byte	1
  76 002f 40       		.byte	64
  77 0030 2C       		.byte	44
  78 0031 15       		.byte	21
  79 0032 01       		.byte	1
  80 0033 40       		.byte	64
  81 0034 17       		.byte	23
  82 0035 16       		.byte	22
  83 0036 01       		.byte	1
  84 0037 40       		.byte	64
  85 0038 22       		.byte	34
  86 0039 17       		.byte	23
  87 003a 01       		.byte	1
  88 003b 40       		.byte	64
  89 003c 06       		.byte	6
  90 003d 19       		.byte	25
  91 003e 01       		.byte	1
  92 003f 40       		.byte	64
  93 0040 04       		.byte	4
  94 0041 1B       		.byte	27
  95 0042 01       		.byte	1
  96 0043 40       		.byte	64
  97 0044 03       		.byte	3
  98 0045 40       		.byte	64
  99 0046 01       		.byte	1
 100 0047 40       		.byte	64
 101 0048 11       		.byte	17
 102 0049 41       		.byte	65
 103 004a 01       		.byte	1
 104 004b 40       		.byte	64
 105 004c 0A       		.byte	10
 106 004d 42       		.byte	66
 107 004e 01       		.byte	1
 108 004f 40       		.byte	64
 109 0050 06       		.byte	6
 110 0051 43       		.byte	67
 111 0052 01       		.byte	1
 112 0053 40       		.byte	64
 113 0054 03       		.byte	3
 114 0055 44       		.byte	68
ARM GAS  C:\Users\billy\AppData\Local\Temp\ccX4d2pJ.s 			page 3


 115 0056 01       		.byte	1
 116 0057 40       		.byte	64
 117 0058 0E       		.byte	14
 118 0059 45       		.byte	69
 119 005a 01       		.byte	1
 120 005b 40       		.byte	64
 121 005c 0F       		.byte	15
 122 005d 46       		.byte	70
 123 005e 01       		.byte	1
 124 005f 40       		.byte	64
 125 0060 09       		.byte	9
 126 0061 47       		.byte	71
 127 0062 01       		.byte	1
 128 0063 40       		.byte	64
 129 0064 04       		.byte	4
 130 0065 48       		.byte	72
 131 0066 01       		.byte	1
 132 0067 40       		.byte	64
 133 0068 15       		.byte	21
 134 0069 49       		.byte	73
 135 006a 01       		.byte	1
 136 006b 40       		.byte	64
 137 006c 08       		.byte	8
 138 006d 4C       		.byte	76
 139 006e 01       		.byte	1
 140 006f 40       		.byte	64
 141 0070 0A       		.byte	10
 142 0071 4D       		.byte	77
 143 0072 01       		.byte	1
 144 0073 40       		.byte	64
 145 0074 06       		.byte	6
 146 0075 50       		.byte	80
 147 0076 01       		.byte	1
 148 0077 40       		.byte	64
 149 0078 01       		.byte	1
 150 0079 51       		.byte	81
 151 007a 01       		.byte	1
 152 007b 40       		.byte	64
 153 007c 7E       		.byte	126
 154 007d 02       		.byte	2
 155 007e 04       		.byte	4
 156 007f FF       		.byte	-1
 157 0080 0C       		.byte	12
 158 0081 FC       		.byte	-4
 159 0082 14       		.byte	20
 160 0083 FF       		.byte	-1
 161 0084 1C       		.byte	28
 162 0085 FF       		.byte	-1
 163 0086 64       		.byte	100
 164 0087 FC       		.byte	-4
 165 0088 7C       		.byte	124
 166 0089 7F       		.byte	127
 167 008a 06       		.byte	6
 168 008b 01       		.byte	1
 169 008c 0A       		.byte	10
 170 008d 02       		.byte	2
 171 008e 0B       		.byte	11
ARM GAS  C:\Users\billy\AppData\Local\Temp\ccX4d2pJ.s 			page 4


 172 008f 04       		.byte	4
 173 0090 0F       		.byte	15
 174 0091 02       		.byte	2
 175 0092 16       		.byte	22
 176 0093 08       		.byte	8
 177 0094 1B       		.byte	27
 178 0095 08       		.byte	8
 179 0096 2A       		.byte	42
 180 0097 04       		.byte	4
 181 0098 2F       		.byte	47
 182 0099 01       		.byte	1
 183 009a 30       		.byte	48
 184 009b 02       		.byte	2
 185 009c 31       		.byte	49
 186 009d 08       		.byte	8
 187 009e 32       		.byte	50
 188 009f 04       		.byte	4
 189 00a0 33       		.byte	51
 190 00a1 02       		.byte	2
 191 00a2 34       		.byte	52
 192 00a3 01       		.byte	1
 193 00a4 35       		.byte	53
 194 00a5 01       		.byte	1
 195 00a6 36       		.byte	54
 196 00a7 08       		.byte	8
 197 00a8 37       		.byte	55
 198 00a9 04       		.byte	4
 199 00aa 58       		.byte	88
 200 00ab 04       		.byte	4
 201 00ac 59       		.byte	89
 202 00ad 04       		.byte	4
 203 00ae 5B       		.byte	91
 204 00af 04       		.byte	4
 205 00b0 5F       		.byte	95
 206 00b1 01       		.byte	1
 207 00b2 82       		.byte	-126
 208 00b3 01       		.byte	1
 209 00b4 97       		.byte	-105
 210 00b5 01       		.byte	1
 211 00b6 A6       		.byte	-90
 212 00b7 02       		.byte	2
 213 00b8 B0       		.byte	-80
 214 00b9 01       		.byte	1
 215 00ba B3       		.byte	-77
 216 00bb 01       		.byte	1
 217 00bc B6       		.byte	-74
 218 00bd 02       		.byte	2
 219 00be D8       		.byte	-40
 220 00bf 04       		.byte	4
 221 00c0 D9       		.byte	-39
 222 00c1 04       		.byte	4
 223 00c2 DF       		.byte	-33
 224 00c3 01       		.byte	1
 225 00c4 00       		.byte	0
 226 00c5 02       		.byte	2
 227 00c6 05       		.byte	5
 228 00c7 14       		.byte	20
ARM GAS  C:\Users\billy\AppData\Local\Temp\ccX4d2pJ.s 			page 5


 229 00c8 0E       		.byte	14
 230 00c9 10       		.byte	16
 231 00ca 10       		.byte	16
 232 00cb 10       		.byte	16
 233 00cc 14       		.byte	20
 234 00cd 20       		.byte	32
 235 00ce 17       		.byte	23
 236 00cf 28       		.byte	40
 237 00d0 19       		.byte	25
 238 00d1 42       		.byte	66
 239 00d2 1C       		.byte	28
 240 00d3 08       		.byte	8
 241 00d4 1E       		.byte	30
 242 00d5 A0       		.byte	-96
 243 00d6 1F       		.byte	31
 244 00d7 40       		.byte	64
 245 00d8 21       		.byte	33
 246 00d9 04       		.byte	4
 247 00da 25       		.byte	37
 248 00db 08       		.byte	8
 249 00dc 26       		.byte	38
 250 00dd 02       		.byte	2
 251 00de 27       		.byte	39
 252 00df 09       		.byte	9
 253 00e0 2F       		.byte	47
 254 00e1 02       		.byte	2
 255 00e2 30       		.byte	48
 256 00e3 08       		.byte	8
 257 00e4 37       		.byte	55
 258 00e5 10       		.byte	16
 259 00e6 3F       		.byte	63
 260 00e7 A0       		.byte	-96
 261 00e8 45       		.byte	69
 262 00e9 08       		.byte	8
 263 00ea 46       		.byte	70
 264 00eb A0       		.byte	-96
 265 00ec 47       		.byte	71
 266 00ed 01       		.byte	1
 267 00ee 5E       		.byte	94
 268 00ef A0       		.byte	-96
 269 00f0 5F       		.byte	95
 270 00f1 06       		.byte	6
 271 00f2 64       		.byte	100
 272 00f3 20       		.byte	32
 273 00f4 66       		.byte	102
 274 00f5 A0       		.byte	-96
 275 00f6 67       		.byte	103
 276 00f7 80       		.byte	-128
 277 00f8 83       		.byte	-125
 278 00f9 70       		.byte	112
 279 00fa 85       		.byte	-123
 280 00fb 04       		.byte	4
 281 00fc 89       		.byte	-119
 282 00fd 02       		.byte	2
 283 00fe 8A       		.byte	-118
 284 00ff 02       		.byte	2
 285 0100 8B       		.byte	-117
ARM GAS  C:\Users\billy\AppData\Local\Temp\ccX4d2pJ.s 			page 6


 286 0101 04       		.byte	4
 287 0102 98       		.byte	-104
 288 0103 10       		.byte	16
 289 0104 B0       		.byte	-80
 290 0105 10       		.byte	16
 291 0106 C0       		.byte	-64
 292 0107 68       		.byte	104
 293 0108 C2       		.byte	-62
 294 0109 20       		.byte	32
 295 010a C4       		.byte	-60
 296 010b 44       		.byte	68
 297 010c CA       		.byte	-54
 298 010d 10       		.byte	16
 299 010e CC       		.byte	-52
 300 010f 22       		.byte	34
 301 0110 CE       		.byte	-50
 302 0111 30       		.byte	48
 303 0112 D6       		.byte	-42
 304 0113 F0       		.byte	-16
 305 0114 D8       		.byte	-40
 306 0115 F0       		.byte	-16
 307 0116 E0       		.byte	-32
 308 0117 08       		.byte	8
 309 0118 EA       		.byte	-22
 310 0119 04       		.byte	4
 311 011a 99       		.byte	-103
 312 011b 40       		.byte	64
 313 011c A9       		.byte	-87
 314 011d 14       		.byte	20
 315 011e AA       		.byte	-86
 316 011f 10       		.byte	16
 317 0120 AB       		.byte	-85
 318 0121 10       		.byte	16
 319 0122 AF       		.byte	-81
 320 0123 02       		.byte	2
 321 0124 B0       		.byte	-80
 322 0125 05       		.byte	5
 323 0126 B3       		.byte	-77
 324 0127 02       		.byte	2
 325 0128 B4       		.byte	-76
 326 0129 08       		.byte	8
 327 012a 07       		.byte	7
 328 012b 01       		.byte	1
 329 012c 31       		.byte	49
 330 012d 01       		.byte	1
 331 012e 59       		.byte	89
 332 012f 04       		.byte	4
 333 0130 5F       		.byte	95
 334 0131 01       		.byte	1
 335 0132 83       		.byte	-125
 336 0133 01       		.byte	1
 337 0134 B3       		.byte	-77
 338 0135 01       		.byte	1
 339 0136 D9       		.byte	-39
 340 0137 04       		.byte	4
 341 0138 DB       		.byte	-37
 342 0139 04       		.byte	4
ARM GAS  C:\Users\billy\AppData\Local\Temp\ccX4d2pJ.s 			page 7


 343 013a DF       		.byte	-33
 344 013b 01       		.byte	1
 345 013c 20       		.byte	32
 346 013d 10       		.byte	16
 347 013e 24       		.byte	36
 348 013f 40       		.byte	64
 349 0140 3A       		.byte	58
 350 0141 02       		.byte	2
 351 0142 3F       		.byte	63
 352 0143 08       		.byte	8
 353 0144 59       		.byte	89
 354 0145 04       		.byte	4
 355 0146 5A       		.byte	90
 356 0147 12       		.byte	18
 357 0148 5B       		.byte	91
 358 0149 80       		.byte	-128
 359 014a 60       		.byte	96
 360 014b 50       		.byte	80
 361 014c 61       		.byte	97
 362 014d 10       		.byte	16
 363 014e 63       		.byte	99
 364 014f 02       		.byte	2
 365 0150 8F       		.byte	-113
 366 0151 80       		.byte	-128
 367 0152 99       		.byte	-103
 368 0153 40       		.byte	64
 369 0154 9A       		.byte	-102
 370 0155 02       		.byte	2
 371 0156 A3       		.byte	-93
 372 0157 04       		.byte	4
 373 0158 AB       		.byte	-85
 374 0159 04       		.byte	4
 375 015a AE       		.byte	-82
 376 015b 02       		.byte	2
 377 015c CE       		.byte	-50
 378 015d 41       		.byte	65
 379 015e D6       		.byte	-42
 380 015f 0F       		.byte	15
 381 0160 D8       		.byte	-40
 382 0161 0F       		.byte	15
 383 0162 E6       		.byte	-26
 384 0163 02       		.byte	2
 385 0164 03       		.byte	3
 386 0165 02       		.byte	2
 387 0166 0A       		.byte	10
 388 0167 02       		.byte	2
 389 0168 17       		.byte	23
 390 0169 01       		.byte	1
 391 016a 2A       		.byte	42
 392 016b 04       		.byte	4
 393 016c 2E       		.byte	46
 394 016d 01       		.byte	1
 395 016e 30       		.byte	48
 396 016f 02       		.byte	2
 397 0170 31       		.byte	49
 398 0171 02       		.byte	2
 399 0172 33       		.byte	51
ARM GAS  C:\Users\billy\AppData\Local\Temp\ccX4d2pJ.s 			page 8


 400 0173 01       		.byte	1
 401 0174 34       		.byte	52
 402 0175 01       		.byte	1
 403 0176 36       		.byte	54
 404 0177 04       		.byte	4
 405 0178 58       		.byte	88
 406 0179 04       		.byte	4
 407 017a 59       		.byte	89
 408 017b 04       		.byte	4
 409 017c 5B       		.byte	91
 410 017d 04       		.byte	4
 411 017e 5F       		.byte	95
 412 017f 01       		.byte	1
 413 0180 87       		.byte	-121
 414 0181 01       		.byte	1
 415 0182 9A       		.byte	-102
 416 0183 04       		.byte	4
 417 0184 9E       		.byte	-98
 418 0185 08       		.byte	8
 419 0186 A6       		.byte	-90
 420 0187 01       		.byte	1
 421 0188 AA       		.byte	-86
 422 0189 02       		.byte	2
 423 018a AF       		.byte	-81
 424 018b 02       		.byte	2
 425 018c B0       		.byte	-80
 426 018d 08       		.byte	8
 427 018e B2       		.byte	-78
 428 018f 02       		.byte	2
 429 0190 B3       		.byte	-77
 430 0191 02       		.byte	2
 431 0192 B4       		.byte	-76
 432 0193 04       		.byte	4
 433 0194 B6       		.byte	-74
 434 0195 01       		.byte	1
 435 0196 B7       		.byte	-73
 436 0197 01       		.byte	1
 437 0198 D8       		.byte	-40
 438 0199 04       		.byte	4
 439 019a D9       		.byte	-39
 440 019b 04       		.byte	4
 441 019c DB       		.byte	-37
 442 019d 04       		.byte	4
 443 019e DF       		.byte	-33
 444 019f 01       		.byte	1
 445 01a0 06       		.byte	6
 446 01a1 08       		.byte	8
 447 01a2 08       		.byte	8
 448 01a3 20       		.byte	32
 449 01a4 09       		.byte	9
 450 01a5 40       		.byte	64
 451 01a6 10       		.byte	16
 452 01a7 18       		.byte	24
 453 01a8 14       		.byte	20
 454 01a9 08       		.byte	8
 455 01aa 17       		.byte	23
 456 01ab 40       		.byte	64
ARM GAS  C:\Users\billy\AppData\Local\Temp\ccX4d2pJ.s 			page 9


 457 01ac 19       		.byte	25
 458 01ad 9A       		.byte	-102
 459 01ae 1D       		.byte	29
 460 01af 02       		.byte	2
 461 01b0 1E       		.byte	30
 462 01b1 04       		.byte	4
 463 01b2 1F       		.byte	31
 464 01b3 40       		.byte	64
 465 01b4 23       		.byte	35
 466 01b5 21       		.byte	33
 467 01b6 25       		.byte	37
 468 01b7 08       		.byte	8
 469 01b8 27       		.byte	39
 470 01b9 80       		.byte	-128
 471 01ba 28       		.byte	40
 472 01bb 02       		.byte	2
 473 01bc 36       		.byte	54
 474 01bd 08       		.byte	8
 475 01be 39       		.byte	57
 476 01bf 04       		.byte	4
 477 01c0 3E       		.byte	62
 478 01c1 02       		.byte	2
 479 01c2 45       		.byte	69
 480 01c3 08       		.byte	8
 481 01c4 46       		.byte	70
 482 01c5 20       		.byte	32
 483 01c6 59       		.byte	89
 484 01c7 50       		.byte	80
 485 01c8 5D       		.byte	93
 486 01c9 82       		.byte	-126
 487 01ca 5E       		.byte	94
 488 01cb 24       		.byte	36
 489 01cc 66       		.byte	102
 490 01cd 20       		.byte	32
 491 01ce 67       		.byte	103
 492 01cf 91       		.byte	-111
 493 01d0 89       		.byte	-119
 494 01d1 48       		.byte	72
 495 01d2 8D       		.byte	-115
 496 01d3 02       		.byte	2
 497 01d4 91       		.byte	-111
 498 01d5 04       		.byte	4
 499 01d6 93       		.byte	-109
 500 01d7 10       		.byte	16
 501 01d8 98       		.byte	-104
 502 01d9 38       		.byte	56
 503 01da 9A       		.byte	-102
 504 01db 02       		.byte	2
 505 01dc 9B       		.byte	-101
 506 01dd 40       		.byte	64
 507 01de A0       		.byte	-96
 508 01df 08       		.byte	8
 509 01e0 A1       		.byte	-95
 510 01e1 40       		.byte	64
 511 01e2 A2       		.byte	-94
 512 01e3 18       		.byte	24
 513 01e4 B0       		.byte	-80
ARM GAS  C:\Users\billy\AppData\Local\Temp\ccX4d2pJ.s 			page 10


 514 01e5 20       		.byte	32
 515 01e6 B4       		.byte	-76
 516 01e7 08       		.byte	8
 517 01e8 C0       		.byte	-64
 518 01e9 40       		.byte	64
 519 01ea C2       		.byte	-62
 520 01eb 03       		.byte	3
 521 01ec C4       		.byte	-60
 522 01ed C6       		.byte	-58
 523 01ee CA       		.byte	-54
 524 01ef 08       		.byte	8
 525 01f0 CC       		.byte	-52
 526 01f1 40       		.byte	64
 527 01f2 CE       		.byte	-50
 528 01f3 82       		.byte	-126
 529 01f4 D6       		.byte	-42
 530 01f5 FC       		.byte	-4
 531 01f6 D8       		.byte	-40
 532 01f7 F0       		.byte	-16
 533 01f8 E6       		.byte	-26
 534 01f9 12       		.byte	18
 535 01fa 89       		.byte	-119
 536 01fb 04       		.byte	4
 537 01fc 93       		.byte	-109
 538 01fd 10       		.byte	16
 539 01fe 98       		.byte	-104
 540 01ff 18       		.byte	24
 541 0200 9A       		.byte	-102
 542 0201 02       		.byte	2
 543 0202 9B       		.byte	-101
 544 0203 40       		.byte	64
 545 0204 A1       		.byte	-95
 546 0205 40       		.byte	64
 547 0206 A2       		.byte	-94
 548 0207 18       		.byte	24
 549 0208 B0       		.byte	-80
 550 0209 10       		.byte	16
 551 020a B1       		.byte	-79
 552 020b 40       		.byte	64
 553 020c B4       		.byte	-76
 554 020d 08       		.byte	8
 555 020e B6       		.byte	-74
 556 020f 08       		.byte	8
 557 0210 B7       		.byte	-73
 558 0211 40       		.byte	64
 559 0212 EA       		.byte	-22
 560 0213 80       		.byte	-128
 561 0214 EE       		.byte	-18
 562 0215 10       		.byte	16
 563 0216 87       		.byte	-121
 564 0217 10       		.byte	16
 565 0218 8A       		.byte	-118
 566 0219 10       		.byte	16
 567 021a 9A       		.byte	-102
 568 021b 02       		.byte	2
 569 021c B2       		.byte	-78
 570 021d 02       		.byte	2
ARM GAS  C:\Users\billy\AppData\Local\Temp\ccX4d2pJ.s 			page 11


 571 021e E0       		.byte	-32
 572 021f 80       		.byte	-128
 573 0220 EA       		.byte	-22
 574 0221 24       		.byte	36
 575 0222 03       		.byte	3
 576 0223 01       		.byte	1
 577 0224 2A       		.byte	42
 578 0225 01       		.byte	1
 579 0226 30       		.byte	48
 580 0227 01       		.byte	1
 581 0228 33       		.byte	51
 582 0229 01       		.byte	1
 583 022a 58       		.byte	88
 584 022b 04       		.byte	4
 585 022c 59       		.byte	89
 586 022d 04       		.byte	4
 587 022e 5F       		.byte	95
 588 022f 01       		.byte	1
 589 0230 87       		.byte	-121
 590 0231 08       		.byte	8
 591 0232 8A       		.byte	-118
 592 0233 04       		.byte	4
 593 0234 8F       		.byte	-113
 594 0235 02       		.byte	2
 595 0236 92       		.byte	-110
 596 0237 08       		.byte	8
 597 0238 97       		.byte	-105
 598 0239 01       		.byte	1
 599 023a 9A       		.byte	-102
 600 023b 01       		.byte	1
 601 023c 9B       		.byte	-101
 602 023d 04       		.byte	4
 603 023e AE       		.byte	-82
 604 023f 02       		.byte	2
 605 0240 B0       		.byte	-80
 606 0241 04       		.byte	4
 607 0242 B1       		.byte	-79
 608 0243 02       		.byte	2
 609 0244 B2       		.byte	-78
 610 0245 08       		.byte	8
 611 0246 B3       		.byte	-77
 612 0247 04       		.byte	4
 613 0248 B4       		.byte	-76
 614 0249 01       		.byte	1
 615 024a B5       		.byte	-75
 616 024b 08       		.byte	8
 617 024c B6       		.byte	-74
 618 024d 02       		.byte	2
 619 024e B7       		.byte	-73
 620 024f 01       		.byte	1
 621 0250 D8       		.byte	-40
 622 0251 04       		.byte	4
 623 0252 D9       		.byte	-39
 624 0253 04       		.byte	4
 625 0254 DB       		.byte	-37
 626 0255 04       		.byte	4
 627 0256 DF       		.byte	-33
ARM GAS  C:\Users\billy\AppData\Local\Temp\ccX4d2pJ.s 			page 12


 628 0257 01       		.byte	1
 629 0258 06       		.byte	6
 630 0259 04       		.byte	4
 631 025a 0E       		.byte	14
 632 025b 84       		.byte	-124
 633 025c 10       		.byte	16
 634 025d 04       		.byte	4
 635 025e 16       		.byte	22
 636 025f 02       		.byte	2
 637 0260 19       		.byte	25
 638 0261 01       		.byte	1
 639 0262 1E       		.byte	30
 640 0263 40       		.byte	64
 641 0264 1F       		.byte	31
 642 0265 54       		.byte	84
 643 0266 22       		.byte	34
 644 0267 04       		.byte	4
 645 0268 24       		.byte	36
 646 0269 10       		.byte	16
 647 026a 26       		.byte	38
 648 026b 20       		.byte	32
 649 026c 27       		.byte	39
 650 026d 82       		.byte	-126
 651 026e 34       		.byte	52
 652 026f 01       		.byte	1
 653 0270 35       		.byte	53
 654 0271 20       		.byte	32
 655 0272 37       		.byte	55
 656 0273 0A       		.byte	10
 657 0274 38       		.byte	56
 658 0275 01       		.byte	1
 659 0276 3F       		.byte	63
 660 0277 88       		.byte	-120
 661 0278 5C       		.byte	92
 662 0279 16       		.byte	22
 663 027a 5F       		.byte	95
 664 027b 80       		.byte	-128
 665 027c 64       		.byte	100
 666 027d 01       		.byte	1
 667 027e 67       		.byte	103
 668 027f A8       		.byte	-88
 669 0280 81       		.byte	-127
 670 0281 20       		.byte	32
 671 0282 82       		.byte	-126
 672 0283 04       		.byte	4
 673 0284 83       		.byte	-125
 674 0285 44       		.byte	68
 675 0286 86       		.byte	-122
 676 0287 46       		.byte	70
 677 0288 87       		.byte	-121
 678 0289 08       		.byte	8
 679 028a 88       		.byte	-120
 680 028b 06       		.byte	6
 681 028c 8A       		.byte	-118
 682 028d 20       		.byte	32
 683 028e 8C       		.byte	-116
 684 028f 05       		.byte	5
ARM GAS  C:\Users\billy\AppData\Local\Temp\ccX4d2pJ.s 			page 13


 685 0290 8E       		.byte	-114
 686 0291 40       		.byte	64
 687 0292 96       		.byte	-106
 688 0293 08       		.byte	8
 689 0294 9D       		.byte	-99
 690 0295 01       		.byte	1
 691 0296 AB       		.byte	-85
 692 0297 42       		.byte	66
 693 0298 AD       		.byte	-83
 694 0299 20       		.byte	32
 695 029a AF       		.byte	-81
 696 029b 04       		.byte	4
 697 029c B0       		.byte	-80
 698 029d 28       		.byte	40
 699 029e B1       		.byte	-79
 700 029f 04       		.byte	4
 701 02a0 B3       		.byte	-77
 702 02a1 02       		.byte	2
 703 02a2 C0       		.byte	-64
 704 02a3 40       		.byte	64
 705 02a4 C2       		.byte	-62
 706 02a5 50       		.byte	80
 707 02a6 C4       		.byte	-60
 708 02a7 82       		.byte	-126
 709 02a8 CC       		.byte	-52
 710 02a9 60       		.byte	96
 711 02aa CE       		.byte	-50
 712 02ab 51       		.byte	81
 713 02ac D6       		.byte	-42
 714 02ad F0       		.byte	-16
 715 02ae D8       		.byte	-40
 716 02af F0       		.byte	-16
 717 02b0 0E       		.byte	14
 718 02b1 02       		.byte	2
 719 02b2 12       		.byte	18
 720 02b3 01       		.byte	1
 721 02b4 2B       		.byte	43
 722 02b5 01       		.byte	1
 723 02b6 30       		.byte	48
 724 02b7 02       		.byte	2
 725 02b8 35       		.byte	53
 726 02b9 01       		.byte	1
 727 02ba 36       		.byte	54
 728 02bb 01       		.byte	1
 729 02bc 58       		.byte	88
 730 02bd 04       		.byte	4
 731 02be 59       		.byte	89
 732 02bf 04       		.byte	4
 733 02c0 5F       		.byte	95
 734 02c1 01       		.byte	1
 735 02c2 86       		.byte	-122
 736 02c3 01       		.byte	1
 737 02c4 8E       		.byte	-114
 738 02c5 04       		.byte	4
 739 02c6 96       		.byte	-106
 740 02c7 02       		.byte	2
 741 02c8 9B       		.byte	-101
ARM GAS  C:\Users\billy\AppData\Local\Temp\ccX4d2pJ.s 			page 14


 742 02c9 01       		.byte	1
 743 02ca AB       		.byte	-85
 744 02cb 02       		.byte	2
 745 02cc B0       		.byte	-80
 746 02cd 02       		.byte	2
 747 02ce B1       		.byte	-79
 748 02cf 01       		.byte	1
 749 02d0 B2       		.byte	-78
 750 02d1 04       		.byte	4
 751 02d2 B3       		.byte	-77
 752 02d3 02       		.byte	2
 753 02d4 B4       		.byte	-76
 754 02d5 01       		.byte	1
 755 02d6 D8       		.byte	-40
 756 02d7 04       		.byte	4
 757 02d8 D9       		.byte	-39
 758 02d9 04       		.byte	4
 759 02da DB       		.byte	-37
 760 02db 04       		.byte	4
 761 02dc DF       		.byte	-33
 762 02dd 01       		.byte	1
 763 02de 01       		.byte	1
 764 02df 04       		.byte	4
 765 02e0 03       		.byte	3
 766 02e1 02       		.byte	2
 767 02e2 07       		.byte	7
 768 02e3 02       		.byte	2
 769 02e4 08       		.byte	8
 770 02e5 08       		.byte	8
 771 02e6 0F       		.byte	15
 772 02e7 80       		.byte	-128
 773 02e8 19       		.byte	25
 774 02e9 14       		.byte	20
 775 02ea 1B       		.byte	27
 776 02eb 01       		.byte	1
 777 02ec 1C       		.byte	28
 778 02ed 40       		.byte	64
 779 02ee 1D       		.byte	29
 780 02ef 80       		.byte	-128
 781 02f0 20       		.byte	32
 782 02f1 10       		.byte	16
 783 02f2 22       		.byte	34
 784 02f3 01       		.byte	1
 785 02f4 25       		.byte	37
 786 02f5 20       		.byte	32
 787 02f6 29       		.byte	41
 788 02f7 20       		.byte	32
 789 02f8 2F       		.byte	47
 790 02f9 04       		.byte	4
 791 02fa 30       		.byte	48
 792 02fb 20       		.byte	32
 793 02fc 59       		.byte	89
 794 02fd 41       		.byte	65
 795 02fe 5A       		.byte	90
 796 02ff 08       		.byte	8
 797 0300 5B       		.byte	91
 798 0301 20       		.byte	32
ARM GAS  C:\Users\billy\AppData\Local\Temp\ccX4d2pJ.s 			page 15


 799 0302 60       		.byte	96
 800 0303 50       		.byte	80
 801 0304 61       		.byte	97
 802 0305 A0       		.byte	-96
 803 0306 96       		.byte	-106
 804 0307 02       		.byte	2
 805 0308 99       		.byte	-103
 806 0309 40       		.byte	64
 807 030a 9B       		.byte	-101
 808 030b 20       		.byte	32
 809 030c 9D       		.byte	-99
 810 030d 14       		.byte	20
 811 030e A7       		.byte	-89
 812 030f 01       		.byte	1
 813 0310 AA       		.byte	-86
 814 0311 10       		.byte	16
 815 0312 B3       		.byte	-77
 816 0313 20       		.byte	32
 817 0314 C0       		.byte	-64
 818 0315 85       		.byte	-123
 819 0316 C2       		.byte	-62
 820 0317 14       		.byte	20
 821 0318 CA       		.byte	-54
 822 0319 24       		.byte	36
 823 031a CC       		.byte	-52
 824 031b 04       		.byte	4
 825 031c D6       		.byte	-42
 826 031d 0F       		.byte	15
 827 031e D8       		.byte	-40
 828 031f 0F       		.byte	15
 829 0320 EA       		.byte	-22
 830 0321 01       		.byte	1
 831 0322 8C       		.byte	-116
 832 0323 02       		.byte	2
 833 0324 9C       		.byte	-100
 834 0325 02       		.byte	2
 835 0326 9E       		.byte	-98
 836 0327 08       		.byte	8
 837 0328 AB       		.byte	-85
 838 0329 20       		.byte	32
 839 032a B3       		.byte	-77
 840 032b 80       		.byte	-128
 841 032c EE       		.byte	-18
 842 032d 20       		.byte	32
 843 032e B6       		.byte	-74
 844 032f 08       		.byte	8
 845 0330 E6       		.byte	-26
 846 0331 90       		.byte	-112
 847 0332 EA       		.byte	-22
 848 0333 A0       		.byte	-96
 849 0334 EE       		.byte	-18
 850 0335 A0       		.byte	-96
 851 0336 30       		.byte	48
 852 0337 10       		.byte	16
 853 0338 37       		.byte	55
 854 0339 10       		.byte	16
 855 033a CC       		.byte	-52
ARM GAS  C:\Users\billy\AppData\Local\Temp\ccX4d2pJ.s 			page 16


 856 033b 30       		.byte	48
 857 033c 01       		.byte	1
 858 033d 08       		.byte	8
 859 033e 02       		.byte	2
 860 033f 01       		.byte	1
 861 0340 07       		.byte	7
 862 0341 82       		.byte	-126
 863 0342 08       		.byte	8
 864 0343 02       		.byte	2
 865 0344 0A       		.byte	10
 866 0345 01       		.byte	1
 867 0346 0E       		.byte	14
 868 0347 40       		.byte	64
 869 0348 0F       		.byte	15
 870 0349 01       		.byte	1
 871 034a 80       		.byte	-128
 872 034b 02       		.byte	2
 873 034c 82       		.byte	-126
 874 034d 40       		.byte	64
 875 034e 83       		.byte	-125
 876 034f 80       		.byte	-128
 877 0350 9C       		.byte	-100
 878 0351 10       		.byte	16
 879 0352 AB       		.byte	-85
 880 0353 10       		.byte	16
 881 0354 C0       		.byte	-64
 882 0355 F0       		.byte	-16
 883 0356 C2       		.byte	-62
 884 0357 F0       		.byte	-16
 885 0358 E0       		.byte	-32
 886 0359 A0       		.byte	-96
 887 035a E4       		.byte	-28
 888 035b 80       		.byte	-128
 889 035c EA       		.byte	-22
 890 035d 20       		.byte	32
 891 035e 03       		.byte	3
 892 035f 20       		.byte	32
 893 0360 05       		.byte	5
 894 0361 02       		.byte	2
 895 0362 9C       		.byte	-100
 896 0363 10       		.byte	16
 897 0364 A9       		.byte	-87
 898 0365 08       		.byte	8
 899 0366 AA       		.byte	-86
 900 0367 01       		.byte	1
 901 0368 AB       		.byte	-85
 902 0369 03       		.byte	3
 903 036a AE       		.byte	-82
 904 036b 01       		.byte	1
 905 036c C0       		.byte	-64
 906 036d 30       		.byte	48
 907 036e E8       		.byte	-24
 908 036f B0       		.byte	-80
 909 0370 EC       		.byte	-20
 910 0371 A0       		.byte	-96
 911 0372 84       		.byte	-124
 912 0373 10       		.byte	16
ARM GAS  C:\Users\billy\AppData\Local\Temp\ccX4d2pJ.s 			page 17


 913 0374 9C       		.byte	-100
 914 0375 10       		.byte	16
 915 0376 A9       		.byte	-87
 916 0377 02       		.byte	2
 917 0378 AF       		.byte	-81
 918 0379 20       		.byte	32
 919 037a E6       		.byte	-26
 920 037b 40       		.byte	64
 921 037c EC       		.byte	-20
 922 037d 30       		.byte	48
 923 037e 10       		.byte	16
 924 037f 10       		.byte	16
 925 0380 14       		.byte	20
 926 0381 40       		.byte	64
 927 0382 C4       		.byte	-60
 928 0383 0C       		.byte	12
 929 0384 00       		.byte	0
 930 0385 08       		.byte	8
 931 0386 01       		.byte	1
 932 0387 20       		.byte	32
 933 0388 05       		.byte	5
 934 0389 08       		.byte	8
 935 038a 07       		.byte	7
 936 038b 01       		.byte	1
 937 038c 09       		.byte	9
 938 038d 10       		.byte	16
 939 038e 0B       		.byte	11
 940 038f 20       		.byte	32
 941 0390 0C       		.byte	12
 942 0391 02       		.byte	2
 943 0392 0F       		.byte	15
 944 0393 08       		.byte	8
 945 0394 A7       		.byte	-89
 946 0395 40       		.byte	64
 947 0396 AB       		.byte	-85
 948 0397 40       		.byte	64
 949 0398 B0       		.byte	-80
 950 0399 50       		.byte	80
 951 039a C0       		.byte	-64
 952 039b 0F       		.byte	15
 953 039c C2       		.byte	-62
 954 039d 0F       		.byte	15
 955 039e EA       		.byte	-22
 956 039f 05       		.byte	5
 957 03a0 00       		.byte	0
 958 03a1 01       		.byte	1
 959 03a2 05       		.byte	5
 960 03a3 02       		.byte	2
 961 03a4 8B       		.byte	-117
 962 03a5 10       		.byte	16
 963 03a6 93       		.byte	-109
 964 03a7 20       		.byte	32
 965 03a8 A7       		.byte	-89
 966 03a9 40       		.byte	64
 967 03aa B0       		.byte	-80
 968 03ab 04       		.byte	4
 969 03ac B1       		.byte	-79
ARM GAS  C:\Users\billy\AppData\Local\Temp\ccX4d2pJ.s 			page 18


 970 03ad 08       		.byte	8
 971 03ae B3       		.byte	-77
 972 03af 01       		.byte	1
 973 03b0 B4       		.byte	-76
 974 03b1 02       		.byte	2
 975 03b2 B5       		.byte	-75
 976 03b3 30       		.byte	48
 977 03b4 B7       		.byte	-73
 978 03b5 04       		.byte	4
 979 03b6 C0       		.byte	-64
 980 03b7 0C       		.byte	12
 981 03b8 E2       		.byte	-30
 982 03b9 04       		.byte	4
 983 03ba EA       		.byte	-22
 984 03bb 0F       		.byte	15
 985 03bc EE       		.byte	-18
 986 03bd 0E       		.byte	14
 987 03be 0B       		.byte	11
 988 03bf 20       		.byte	32
 989 03c0 0F       		.byte	15
 990 03c1 80       		.byte	-128
 991 03c2 87       		.byte	-121
 992 03c3 10       		.byte	16
 993 03c4 A7       		.byte	-89
 994 03c5 40       		.byte	64
 995 03c6 B1       		.byte	-79
 996 03c7 02       		.byte	2
 997 03c8 B4       		.byte	-76
 998 03c9 01       		.byte	1
 999 03ca C2       		.byte	-62
 1000 03cb 0C       		.byte	12
 1001 03cc EA       		.byte	-22
 1002 03cd 01       		.byte	1
 1003 03ce EE       		.byte	-18
 1004 03cf 08       		.byte	8
 1005 03d0 03       		.byte	3
 1006 03d1 18       		.byte	24
 1007 03d2 04       		.byte	4
 1008 03d3 10       		.byte	16
 1009 03d4 05       		.byte	5
 1010 03d5 02       		.byte	2
 1011 03d6 C0       		.byte	-64
 1012 03d7 F0       		.byte	-16
 1013 03d8 02       		.byte	2
 1014 03d9 02       		.byte	2
 1015 03da 03       		.byte	3
 1016 03db 10       		.byte	16
 1017 03dc 05       		.byte	5
 1018 03dd 14       		.byte	20
 1019 03de 09       		.byte	9
 1020 03df 40       		.byte	64
 1021 03e0 0B       		.byte	11
 1022 03e1 10       		.byte	16
 1023 03e2 0F       		.byte	15
 1024 03e3 42       		.byte	66
 1025 03e4 81       		.byte	-127
 1026 03e5 14       		.byte	20
ARM GAS  C:\Users\billy\AppData\Local\Temp\ccX4d2pJ.s 			page 19


 1027 03e6 82       		.byte	-126
 1028 03e7 02       		.byte	2
 1029 03e8 83       		.byte	-125
 1030 03e9 10       		.byte	16
 1031 03ea 85       		.byte	-123
 1032 03eb 40       		.byte	64
 1033 03ec 87       		.byte	-121
 1034 03ed 51       		.byte	81
 1035 03ee A8       		.byte	-88
 1036 03ef 10       		.byte	16
 1037 03f0 AB       		.byte	-85
 1038 03f1 10       		.byte	16
 1039 03f2 AD       		.byte	-83
 1040 03f3 02       		.byte	2
 1041 03f4 AF       		.byte	-81
 1042 03f5 08       		.byte	8
 1043 03f6 C0       		.byte	-64
 1044 03f7 F0       		.byte	-16
 1045 03f8 C2       		.byte	-62
 1046 03f9 F0       		.byte	-16
 1047 03fa E0       		.byte	-32
 1048 03fb F0       		.byte	-16
 1049 03fc E4       		.byte	-28
 1050 03fd F0       		.byte	-16
 1051 03fe E8       		.byte	-24
 1052 03ff 20       		.byte	32
 1053 0400 EC       		.byte	-20
 1054 0401 D0       		.byte	-48
 1055 0402 00       		.byte	0
 1056 0403 10       		.byte	16
 1057 0404 05       		.byte	5
 1058 0405 20       		.byte	32
 1059 0406 08       		.byte	8
 1060 0407 44       		.byte	68
 1061 0408 0C       		.byte	12
 1062 0409 11       		.byte	17
 1063 040a 8D       		.byte	-115
 1064 040b 20       		.byte	32
 1065 040c C0       		.byte	-64
 1066 040d 03       		.byte	3
 1067 040e C2       		.byte	-62
 1068 040f 0F       		.byte	15
 1069 0410 E2       		.byte	-30
 1070 0411 08       		.byte	8
 1071 0412 10       		.byte	16
 1072 0413 20       		.byte	32
 1073 0414 15       		.byte	21
 1074 0415 01       		.byte	1
 1075 0416 89       		.byte	-119
 1076 0417 01       		.byte	1
 1077 0418 8C       		.byte	-116
 1078 0419 20       		.byte	32
 1079 041a B0       		.byte	-80
 1080 041b 55       		.byte	85
 1081 041c B4       		.byte	-76
 1082 041d 10       		.byte	16
 1083 041e C4       		.byte	-60
ARM GAS  C:\Users\billy\AppData\Local\Temp\ccX4d2pJ.s 			page 20


 1084 041f 0C       		.byte	12
 1085 0420 E6       		.byte	-26
 1086 0421 09       		.byte	9
 1087 0422 EA       		.byte	-22
 1088 0423 0D       		.byte	13
 1089 0424 EE       		.byte	-18
 1090 0425 05       		.byte	5
 1091 0426 00       		.byte	0
 1092 0427 01       		.byte	1
 1093 0428 08       		.byte	8
 1094 0429 01       		.byte	1
 1095 042a 0A       		.byte	10
 1096 042b 01       		.byte	1
 1097 042c 0C       		.byte	12
 1098 042d 01       		.byte	1
 1099 042e 10       		.byte	16
 1100 042f 01       		.byte	1
 1101 0430 1A       		.byte	26
 1102 0431 01       		.byte	1
 1103 0432 00       		.byte	0
 1104 0433 0A       		.byte	10
 1105 0434 FF       		.byte	-1
 1106 0435 FF       		.byte	-1
 1107 0436 00       		.byte	0
 1108 0437 00       		.byte	0
 1109 0438 00       		.byte	0
 1110 0439 00       		.byte	0
 1111 043a 00       		.byte	0
 1112 043b 00       		.byte	0
 1113 043c FC       		.byte	-4
 1114 043d FC       		.byte	-4
 1115 043e 00       		.byte	0
 1116 043f 00       		.byte	0
 1117 0440 00       		.byte	0
 1118 0441 00       		.byte	0
 1119 0442 00       		.byte	0
 1120 0443 00       		.byte	0
 1121 0444 40       		.byte	64
 1122 0445 00       		.byte	0
 1123 0446 3F       		.byte	63
 1124 0447 3F       		.byte	63
 1125 0448 00       		.byte	0
 1126 0449 00       		.byte	0
 1127 044a 00       		.byte	0
 1128 044b 00       		.byte	0
 1129 044c C0       		.byte	-64
 1130 044d 00       		.byte	0
 1131 044e 00       		.byte	0
 1132 044f 00       		.byte	0
 1133 0450 FC       		.byte	-4
 1134 0451 FF       		.byte	-1
 1135 0452 03       		.byte	3
 1136 0453 00       		.byte	0
 1137 0454 00       		.byte	0
 1138 0455 00       		.byte	0
 1139 0456 00       		.byte	0
 1140 0457 00       		.byte	0
ARM GAS  C:\Users\billy\AppData\Local\Temp\ccX4d2pJ.s 			page 21


 1141 0458 FF       		.byte	-1
 1142 0459 FF       		.byte	-1
 1143 045a 00       		.byte	0
 1144 045b 00       		.byte	0
 1145 045c 00       		.byte	0
 1146 045d 00       		.byte	0
 1147 045e 00       		.byte	0
 1148 045f 00       		.byte	0
 1149 0460 FF       		.byte	-1
 1150 0461 FF       		.byte	-1
 1151 0462 00       		.byte	0
 1152 0463 00       		.byte	0
 1153 0464 00       		.byte	0
 1154 0465 00       		.byte	0
 1155 0466 00       		.byte	0
 1156 0467 00       		.byte	0
 1157              		.section	.cywolatch,"a",%progbits
 1158              		.align	2
 1159              		.type	cy_meta_wonvl, %object
 1160              		.size	cy_meta_wonvl, 4
 1161              	cy_meta_wonvl:
 1162 0000 BC       		.byte	-68
 1163 0001 90       		.byte	-112
 1164 0002 AC       		.byte	-84
 1165 0003 AF       		.byte	-81
 1166              		.section	.cycustnvl,"a",%progbits
 1167              		.align	2
 1168              		.type	cy_meta_custnvl, %object
 1169              		.size	cy_meta_custnvl, 4
 1170              	cy_meta_custnvl:
 1171 0000 00       		.byte	0
 1172 0001 00       		.byte	0
 1173 0002 40       		.byte	64
 1174 0003 05       		.byte	5
 1175              		.section	.cymeta,"a",%progbits
 1176              		.align	2
 1177              		.type	cy_metadata, %object
 1178              		.size	cy_metadata, 12
 1179              	cy_metadata:
 1180 0000 00       		.byte	0
 1181 0001 01       		.byte	1
 1182 0002 2E       		.byte	46
 1183 0003 16       		.byte	22
 1184 0004 10       		.byte	16
 1185 0005 69       		.byte	105
 1186 0006 00       		.byte	0
 1187 0007 01       		.byte	1
 1188 0008 00       		.byte	0
 1189 0009 00       		.byte	0
 1190 000a 00       		.byte	0
 1191 000b 00       		.byte	0
 1192              		.section	.cyflashprotect,"a",%progbits
 1193              		.align	2
 1194              		.type	cy_meta_flashprotect, %object
 1195              		.size	cy_meta_flashprotect, 256
 1196              	cy_meta_flashprotect:
 1197 0000 00000000 		.space	256
ARM GAS  C:\Users\billy\AppData\Local\Temp\ccX4d2pJ.s 			page 22


 1197      00000000 
 1197      00000000 
 1197      00000000 
 1197      00000000 
 1198              		.text
 1199              	.Letext0:
 1200              		.file 1 "c:\\program files (x86)\\cypress\\psoc creator\\4.2\\psoc creator\\import\\gnu\\arm\\5.4.
 1201              		.file 2 "c:\\program files (x86)\\cypress\\psoc creator\\4.2\\psoc creator\\import\\gnu\\arm\\5.4.
 1202              		.file 3 "Generated_Source\\PSoC5\\cymetadata.c"
 1203              		.section	.debug_info,"",%progbits
 1204              	.Ldebug_info0:
 1205 0000 32010000 		.4byte	0x132
 1206 0004 0400     		.2byte	0x4
 1207 0006 00000000 		.4byte	.Ldebug_abbrev0
 1208 000a 04       		.byte	0x4
 1209 000b 01       		.uleb128 0x1
 1210 000c 24000000 		.4byte	.LASF17
 1211 0010 0C       		.byte	0xc
 1212 0011 C9010000 		.4byte	.LASF18
 1213 0015 B2000000 		.4byte	.LASF19
 1214 0019 00000000 		.4byte	.Ldebug_line0
 1215 001d 02       		.uleb128 0x2
 1216 001e 01       		.byte	0x1
 1217 001f 06       		.byte	0x6
 1218 0020 BD010000 		.4byte	.LASF0
 1219 0024 03       		.uleb128 0x3
 1220 0025 00000000 		.4byte	.LASF9
 1221 0029 01       		.byte	0x1
 1222 002a 1D       		.byte	0x1d
 1223 002b 2F000000 		.4byte	0x2f
 1224 002f 02       		.uleb128 0x2
 1225 0030 01       		.byte	0x1
 1226 0031 08       		.byte	0x8
 1227 0032 16000000 		.4byte	.LASF1
 1228 0036 02       		.uleb128 0x2
 1229 0037 02       		.byte	0x2
 1230 0038 05       		.byte	0x5
 1231 0039 AA010000 		.4byte	.LASF2
 1232 003d 02       		.uleb128 0x2
 1233 003e 02       		.byte	0x2
 1234 003f 07       		.byte	0x7
 1235 0040 0F010000 		.4byte	.LASF3
 1236 0044 02       		.uleb128 0x2
 1237 0045 04       		.byte	0x4
 1238 0046 05       		.byte	0x5
 1239 0047 B4010000 		.4byte	.LASF4
 1240 004b 02       		.uleb128 0x2
 1241 004c 04       		.byte	0x4
 1242 004d 07       		.byte	0x7
 1243 004e FD000000 		.4byte	.LASF5
 1244 0052 02       		.uleb128 0x2
 1245 0053 08       		.byte	0x8
 1246 0054 05       		.byte	0x5
 1247 0055 9C010000 		.4byte	.LASF6
 1248 0059 02       		.uleb128 0x2
 1249 005a 08       		.byte	0x8
 1250 005b 07       		.byte	0x7
ARM GAS  C:\Users\billy\AppData\Local\Temp\ccX4d2pJ.s 			page 23


 1251 005c 51010000 		.4byte	.LASF7
 1252 0060 04       		.uleb128 0x4
 1253 0061 04       		.byte	0x4
 1254 0062 05       		.byte	0x5
 1255 0063 696E7400 		.ascii	"int\000"
 1256 0067 02       		.uleb128 0x2
 1257 0068 04       		.byte	0x4
 1258 0069 07       		.byte	0x7
 1259 006a 44010000 		.4byte	.LASF8
 1260 006e 03       		.uleb128 0x3
 1261 006f 68010000 		.4byte	.LASF10
 1262 0073 02       		.byte	0x2
 1263 0074 18       		.byte	0x18
 1264 0075 24000000 		.4byte	0x24
 1265 0079 05       		.uleb128 0x5
 1266 007a 91000000 		.4byte	0x91
 1267 007e 8A000000 		.4byte	0x8a
 1268 0082 06       		.uleb128 0x6
 1269 0083 8A000000 		.4byte	0x8a
 1270 0087 6704     		.2byte	0x467
 1271 0089 00       		.byte	0
 1272 008a 02       		.uleb128 0x2
 1273 008b 04       		.byte	0x4
 1274 008c 07       		.byte	0x7
 1275 008d 93010000 		.4byte	.LASF11
 1276 0091 07       		.uleb128 0x7
 1277 0092 6E000000 		.4byte	0x6e
 1278 0096 08       		.uleb128 0x8
 1279 0097 32010000 		.4byte	.LASF12
 1280 009b 03       		.byte	0x3
 1281 009c 1F       		.byte	0x1f
 1282 009d A7000000 		.4byte	0xa7
 1283 00a1 05       		.uleb128 0x5
 1284 00a2 03       		.byte	0x3
 1285 00a3 00000000 		.4byte	cy_meta_configecc
 1286 00a7 07       		.uleb128 0x7
 1287 00a8 79000000 		.4byte	0x79
 1288 00ac 05       		.uleb128 0x5
 1289 00ad 91000000 		.4byte	0x91
 1290 00b1 BC000000 		.4byte	0xbc
 1291 00b5 09       		.uleb128 0x9
 1292 00b6 8A000000 		.4byte	0x8a
 1293 00ba 03       		.byte	0x3
 1294 00bb 00       		.byte	0
 1295 00bc 08       		.uleb128 0x8
 1296 00bd 22010000 		.4byte	.LASF13
 1297 00c1 03       		.byte	0x3
 1298 00c2 B9       		.byte	0xb9
 1299 00c3 CD000000 		.4byte	0xcd
 1300 00c7 05       		.uleb128 0x5
 1301 00c8 03       		.byte	0x3
 1302 00c9 00000000 		.4byte	cy_meta_custnvl
 1303 00cd 07       		.uleb128 0x7
 1304 00ce AC000000 		.4byte	0xac
 1305 00d2 08       		.uleb128 0x8
 1306 00d3 85010000 		.4byte	.LASF14
 1307 00d7 03       		.byte	0x3
ARM GAS  C:\Users\billy\AppData\Local\Temp\ccX4d2pJ.s 			page 24


 1308 00d8 C7       		.byte	0xc7
 1309 00d9 E3000000 		.4byte	0xe3
 1310 00dd 05       		.uleb128 0x5
 1311 00de 03       		.byte	0x3
 1312 00df 00000000 		.4byte	cy_meta_wonvl
 1313 00e3 07       		.uleb128 0x7
 1314 00e4 AC000000 		.4byte	0xac
 1315 00e8 05       		.uleb128 0x5
 1316 00e9 91000000 		.4byte	0x91
 1317 00ed F8000000 		.4byte	0xf8
 1318 00f1 09       		.uleb128 0x9
 1319 00f2 8A000000 		.4byte	0x8a
 1320 00f6 FF       		.byte	0xff
 1321 00f7 00       		.byte	0
 1322 00f8 08       		.uleb128 0x8
 1323 00f9 70010000 		.4byte	.LASF15
 1324 00fd 03       		.byte	0x3
 1325 00fe D5       		.byte	0xd5
 1326 00ff 09010000 		.4byte	0x109
 1327 0103 05       		.uleb128 0x5
 1328 0104 03       		.byte	0x3
 1329 0105 00000000 		.4byte	cy_meta_flashprotect
 1330 0109 07       		.uleb128 0x7
 1331 010a E8000000 		.4byte	0xe8
 1332 010e 05       		.uleb128 0x5
 1333 010f 91000000 		.4byte	0x91
 1334 0113 1E010000 		.4byte	0x11e
 1335 0117 09       		.uleb128 0x9
 1336 0118 8A000000 		.4byte	0x8a
 1337 011c 0B       		.byte	0xb
 1338 011d 00       		.byte	0
 1339 011e 0A       		.uleb128 0xa
 1340 011f 0A000000 		.4byte	.LASF16
 1341 0123 03       		.byte	0x3
 1342 0124 0201     		.2byte	0x102
 1343 0126 30010000 		.4byte	0x130
 1344 012a 05       		.uleb128 0x5
 1345 012b 03       		.byte	0x3
 1346 012c 00000000 		.4byte	cy_metadata
 1347 0130 07       		.uleb128 0x7
 1348 0131 0E010000 		.4byte	0x10e
 1349 0135 00       		.byte	0
 1350              		.section	.debug_abbrev,"",%progbits
 1351              	.Ldebug_abbrev0:
 1352 0000 01       		.uleb128 0x1
 1353 0001 11       		.uleb128 0x11
 1354 0002 01       		.byte	0x1
 1355 0003 25       		.uleb128 0x25
 1356 0004 0E       		.uleb128 0xe
 1357 0005 13       		.uleb128 0x13
 1358 0006 0B       		.uleb128 0xb
 1359 0007 03       		.uleb128 0x3
 1360 0008 0E       		.uleb128 0xe
 1361 0009 1B       		.uleb128 0x1b
 1362 000a 0E       		.uleb128 0xe
 1363 000b 10       		.uleb128 0x10
 1364 000c 17       		.uleb128 0x17
ARM GAS  C:\Users\billy\AppData\Local\Temp\ccX4d2pJ.s 			page 25


 1365 000d 00       		.byte	0
 1366 000e 00       		.byte	0
 1367 000f 02       		.uleb128 0x2
 1368 0010 24       		.uleb128 0x24
 1369 0011 00       		.byte	0
 1370 0012 0B       		.uleb128 0xb
 1371 0013 0B       		.uleb128 0xb
 1372 0014 3E       		.uleb128 0x3e
 1373 0015 0B       		.uleb128 0xb
 1374 0016 03       		.uleb128 0x3
 1375 0017 0E       		.uleb128 0xe
 1376 0018 00       		.byte	0
 1377 0019 00       		.byte	0
 1378 001a 03       		.uleb128 0x3
 1379 001b 16       		.uleb128 0x16
 1380 001c 00       		.byte	0
 1381 001d 03       		.uleb128 0x3
 1382 001e 0E       		.uleb128 0xe
 1383 001f 3A       		.uleb128 0x3a
 1384 0020 0B       		.uleb128 0xb
 1385 0021 3B       		.uleb128 0x3b
 1386 0022 0B       		.uleb128 0xb
 1387 0023 49       		.uleb128 0x49
 1388 0024 13       		.uleb128 0x13
 1389 0025 00       		.byte	0
 1390 0026 00       		.byte	0
 1391 0027 04       		.uleb128 0x4
 1392 0028 24       		.uleb128 0x24
 1393 0029 00       		.byte	0
 1394 002a 0B       		.uleb128 0xb
 1395 002b 0B       		.uleb128 0xb
 1396 002c 3E       		.uleb128 0x3e
 1397 002d 0B       		.uleb128 0xb
 1398 002e 03       		.uleb128 0x3
 1399 002f 08       		.uleb128 0x8
 1400 0030 00       		.byte	0
 1401 0031 00       		.byte	0
 1402 0032 05       		.uleb128 0x5
 1403 0033 01       		.uleb128 0x1
 1404 0034 01       		.byte	0x1
 1405 0035 49       		.uleb128 0x49
 1406 0036 13       		.uleb128 0x13
 1407 0037 01       		.uleb128 0x1
 1408 0038 13       		.uleb128 0x13
 1409 0039 00       		.byte	0
 1410 003a 00       		.byte	0
 1411 003b 06       		.uleb128 0x6
 1412 003c 21       		.uleb128 0x21
 1413 003d 00       		.byte	0
 1414 003e 49       		.uleb128 0x49
 1415 003f 13       		.uleb128 0x13
 1416 0040 2F       		.uleb128 0x2f
 1417 0041 05       		.uleb128 0x5
 1418 0042 00       		.byte	0
 1419 0043 00       		.byte	0
 1420 0044 07       		.uleb128 0x7
 1421 0045 26       		.uleb128 0x26
ARM GAS  C:\Users\billy\AppData\Local\Temp\ccX4d2pJ.s 			page 26


 1422 0046 00       		.byte	0
 1423 0047 49       		.uleb128 0x49
 1424 0048 13       		.uleb128 0x13
 1425 0049 00       		.byte	0
 1426 004a 00       		.byte	0
 1427 004b 08       		.uleb128 0x8
 1428 004c 34       		.uleb128 0x34
 1429 004d 00       		.byte	0
 1430 004e 03       		.uleb128 0x3
 1431 004f 0E       		.uleb128 0xe
 1432 0050 3A       		.uleb128 0x3a
 1433 0051 0B       		.uleb128 0xb
 1434 0052 3B       		.uleb128 0x3b
 1435 0053 0B       		.uleb128 0xb
 1436 0054 49       		.uleb128 0x49
 1437 0055 13       		.uleb128 0x13
 1438 0056 3F       		.uleb128 0x3f
 1439 0057 19       		.uleb128 0x19
 1440 0058 02       		.uleb128 0x2
 1441 0059 18       		.uleb128 0x18
 1442 005a 00       		.byte	0
 1443 005b 00       		.byte	0
 1444 005c 09       		.uleb128 0x9
 1445 005d 21       		.uleb128 0x21
 1446 005e 00       		.byte	0
 1447 005f 49       		.uleb128 0x49
 1448 0060 13       		.uleb128 0x13
 1449 0061 2F       		.uleb128 0x2f
 1450 0062 0B       		.uleb128 0xb
 1451 0063 00       		.byte	0
 1452 0064 00       		.byte	0
 1453 0065 0A       		.uleb128 0xa
 1454 0066 34       		.uleb128 0x34
 1455 0067 00       		.byte	0
 1456 0068 03       		.uleb128 0x3
 1457 0069 0E       		.uleb128 0xe
 1458 006a 3A       		.uleb128 0x3a
 1459 006b 0B       		.uleb128 0xb
 1460 006c 3B       		.uleb128 0x3b
 1461 006d 05       		.uleb128 0x5
 1462 006e 49       		.uleb128 0x49
 1463 006f 13       		.uleb128 0x13
 1464 0070 3F       		.uleb128 0x3f
 1465 0071 19       		.uleb128 0x19
 1466 0072 02       		.uleb128 0x2
 1467 0073 18       		.uleb128 0x18
 1468 0074 00       		.byte	0
 1469 0075 00       		.byte	0
 1470 0076 00       		.byte	0
 1471              		.section	.debug_aranges,"",%progbits
 1472 0000 14000000 		.4byte	0x14
 1473 0004 0200     		.2byte	0x2
 1474 0006 00000000 		.4byte	.Ldebug_info0
 1475 000a 04       		.byte	0x4
 1476 000b 00       		.byte	0
 1477 000c 0000     		.2byte	0
 1478 000e 0000     		.2byte	0
ARM GAS  C:\Users\billy\AppData\Local\Temp\ccX4d2pJ.s 			page 27


 1479 0010 00000000 		.4byte	0
 1480 0014 00000000 		.4byte	0
 1481              		.section	.debug_line,"",%progbits
 1482              	.Ldebug_line0:
 1483 0000 3D010000 		.section	.debug_str,"MS",%progbits,1
 1483      02003701 
 1483      00000201 
 1483      FB0E0D00 
 1483      01010101 
 1484              	.LASF9:
 1485 0000 5F5F7569 		.ascii	"__uint8_t\000"
 1485      6E74385F 
 1485      7400
 1486              	.LASF16:
 1487 000a 63795F6D 		.ascii	"cy_metadata\000"
 1487      65746164 
 1487      61746100 
 1488              	.LASF1:
 1489 0016 756E7369 		.ascii	"unsigned char\000"
 1489      676E6564 
 1489      20636861 
 1489      7200
 1490              	.LASF17:
 1491 0024 474E5520 		.ascii	"GNU C11 5.4.1 20160609 (release) [ARM/embedded-5-br"
 1491      43313120 
 1491      352E342E 
 1491      31203230 
 1491      31363036 
 1492 0057 616E6368 		.ascii	"anch revision 237715] -mcpu=cortex-m3 -mthumb -g -O"
 1492      20726576 
 1492      6973696F 
 1492      6E203233 
 1492      37373135 
 1493 008a 67202D66 		.ascii	"g -ffunction-sections -ffat-lto-objects\000"
 1493      66756E63 
 1493      74696F6E 
 1493      2D736563 
 1493      74696F6E 
 1494              	.LASF19:
 1495 00b2 433A5C55 		.ascii	"C:\\Users\\billy\\Documents\\PSoC Creator\\PSoC-5LP"
 1495      73657273 
 1495      5C62696C 
 1495      6C795C44 
 1495      6F63756D 
 1496 00e0 2D47616D 		.ascii	"-Gamepad\\CyController1.cydsn\000"
 1496      65706164 
 1496      5C437943 
 1496      6F6E7472 
 1496      6F6C6C65 
 1497              	.LASF5:
 1498 00fd 6C6F6E67 		.ascii	"long unsigned int\000"
 1498      20756E73 
 1498      69676E65 
 1498      6420696E 
 1498      7400
 1499              	.LASF3:
 1500 010f 73686F72 		.ascii	"short unsigned int\000"
ARM GAS  C:\Users\billy\AppData\Local\Temp\ccX4d2pJ.s 			page 28


 1500      7420756E 
 1500      7369676E 
 1500      65642069 
 1500      6E7400
 1501              	.LASF13:
 1502 0122 63795F6D 		.ascii	"cy_meta_custnvl\000"
 1502      6574615F 
 1502      63757374 
 1502      6E766C00 
 1503              	.LASF12:
 1504 0132 63795F6D 		.ascii	"cy_meta_configecc\000"
 1504      6574615F 
 1504      636F6E66 
 1504      69676563 
 1504      6300
 1505              	.LASF8:
 1506 0144 756E7369 		.ascii	"unsigned int\000"
 1506      676E6564 
 1506      20696E74 
 1506      00
 1507              	.LASF7:
 1508 0151 6C6F6E67 		.ascii	"long long unsigned int\000"
 1508      206C6F6E 
 1508      6720756E 
 1508      7369676E 
 1508      65642069 
 1509              	.LASF10:
 1510 0168 75696E74 		.ascii	"uint8_t\000"
 1510      385F7400 
 1511              	.LASF15:
 1512 0170 63795F6D 		.ascii	"cy_meta_flashprotect\000"
 1512      6574615F 
 1512      666C6173 
 1512      6870726F 
 1512      74656374 
 1513              	.LASF14:
 1514 0185 63795F6D 		.ascii	"cy_meta_wonvl\000"
 1514      6574615F 
 1514      776F6E76 
 1514      6C00
 1515              	.LASF11:
 1516 0193 73697A65 		.ascii	"sizetype\000"
 1516      74797065 
 1516      00
 1517              	.LASF6:
 1518 019c 6C6F6E67 		.ascii	"long long int\000"
 1518      206C6F6E 
 1518      6720696E 
 1518      7400
 1519              	.LASF2:
 1520 01aa 73686F72 		.ascii	"short int\000"
 1520      7420696E 
 1520      7400
 1521              	.LASF4:
 1522 01b4 6C6F6E67 		.ascii	"long int\000"
 1522      20696E74 
 1522      00
ARM GAS  C:\Users\billy\AppData\Local\Temp\ccX4d2pJ.s 			page 29


 1523              	.LASF0:
 1524 01bd 7369676E 		.ascii	"signed char\000"
 1524      65642063 
 1524      68617200 
 1525              	.LASF18:
 1526 01c9 47656E65 		.ascii	"Generated_Source\\PSoC5\\cymetadata.c\000"
 1526      72617465 
 1526      645F536F 
 1526      75726365 
 1526      5C50536F 
 1527              		.ident	"GCC: (GNU Tools for ARM Embedded Processors) 5.4.1 20160609 (release) [ARM/embedded-5-bran
