ARM GAS  C:\Users\billy\AppData\Local\Temp\ccdo7OHM.s 			page 1


   1              		.syntax unified
   2              		.cpu cortex-m3
   3              		.fpu softvfp
   4              		.eabi_attribute 20, 1
   5              		.eabi_attribute 21, 1
   6              		.eabi_attribute 23, 3
   7              		.eabi_attribute 24, 1
   8              		.eabi_attribute 25, 1
   9              		.eabi_attribute 26, 1
  10              		.eabi_attribute 30, 1
  11              		.eabi_attribute 34, 1
  12              		.eabi_attribute 18, 4
  13              		.thumb
  14              		.syntax unified
  15              		.file	"USBFS_1_descr.c"
  16              		.text
  17              	.Ltext0:
  18              		.cfi_sections	.debug_frame
  19              		.global	USBFS_1_TABLE
  20              		.global	USBFS_1_DEVICE0_TABLE
  21              		.global	USBFS_1_DEVICE0_CONFIGURATION0_TABLE
  22              		.global	USBFS_1_DEVICE0_CONFIGURATION0_INTERFACE_CLASS
  23              		.global	USBFS_1_DEVICE0_CONFIGURATION0_EP_SETTINGS_TABLE
  24              		.global	USBFS_1_DEVICE0_CONFIGURATION0_INTERFACE0_TABLE
  25              		.global	USBFS_1_DEVICE0_CONFIGURATION0_INTERFACE0_ALTERNATE0_HID_TABLE
  26              		.global	USBFS_1_DEVICE0_CONFIGURATION0_INTERFACE0_ALTERNATE0_HID_OUT_RPT_TABLE
  27              		.comm	USBFS_1_DEVICE0_CONFIGURATION0_INTERFACE0_ALTERNATE0_HID_OUT_BUF,3,4
  28              		.comm	USBFS_1_DEVICE0_CONFIGURATION0_INTERFACE0_ALTERNATE0_HID_OUT_RPT_SCB,4,4
  29              		.global	USBFS_1_DEVICE0_CONFIGURATION0_INTERFACE0_ALTERNATE0_HID_IN_RPT_TABLE
  30              		.comm	USBFS_1_DEVICE0_CONFIGURATION0_INTERFACE0_ALTERNATE0_HID_IN_BUF,5,4
  31              		.comm	USBFS_1_DEVICE0_CONFIGURATION0_INTERFACE0_ALTERNATE0_HID_IN_RPT_SCB,4,4
  32              		.global	USBFS_1_HIDREPORT_DESCRIPTOR1
  33              		.global	USBFS_1_STRING_DESCRIPTORS
  34              		.global	USBFS_1_DEVICE0_CONFIGURATION0_DESCR
  35              		.global	USBFS_1_DEVICE0_DESCR
  36              		.section	.rodata
  37              		.align	2
  38              		.type	USBFS_1_TABLE, %object
  39              		.size	USBFS_1_TABLE, 8
  40              	USBFS_1_TABLE:
  41 0000 01       		.byte	1
  42 0001 000000   		.space	3
  43 0004 00000000 		.word	USBFS_1_DEVICE0_TABLE
  44              		.type	USBFS_1_DEVICE0_TABLE, %object
  45              		.size	USBFS_1_DEVICE0_TABLE, 24
  46              	USBFS_1_DEVICE0_TABLE:
  47 0008 01       		.byte	1
  48 0009 000000   		.space	3
  49 000c 00000000 		.word	USBFS_1_DEVICE0_DESCR
  50 0010 00       		.byte	0
  51 0011 000000   		.space	3
  52 0014 00000000 		.word	0
  53 0018 01       		.byte	1
  54 0019 000000   		.space	3
  55 001c 00000000 		.word	USBFS_1_DEVICE0_CONFIGURATION0_TABLE
  56              		.type	USBFS_1_DEVICE0_CONFIGURATION0_TABLE, %object
  57              		.size	USBFS_1_DEVICE0_CONFIGURATION0_TABLE, 32
ARM GAS  C:\Users\billy\AppData\Local\Temp\ccdo7OHM.s 			page 2


  58              	USBFS_1_DEVICE0_CONFIGURATION0_TABLE:
  59 0020 01       		.byte	1
  60 0021 000000   		.space	3
  61 0024 00000000 		.word	USBFS_1_DEVICE0_CONFIGURATION0_DESCR
  62 0028 02       		.byte	2
  63 0029 000000   		.space	3
  64 002c 00000000 		.word	USBFS_1_DEVICE0_CONFIGURATION0_EP_SETTINGS_TABLE
  65 0030 01       		.byte	1
  66 0031 000000   		.space	3
  67 0034 00000000 		.word	USBFS_1_DEVICE0_CONFIGURATION0_INTERFACE0_TABLE
  68 0038 00       		.byte	0
  69 0039 000000   		.space	3
  70 003c 00000000 		.word	USBFS_1_DEVICE0_CONFIGURATION0_INTERFACE_CLASS
  71              		.type	USBFS_1_DEVICE0_CONFIGURATION0_INTERFACE_CLASS, %object
  72              		.size	USBFS_1_DEVICE0_CONFIGURATION0_INTERFACE_CLASS, 1
  73              	USBFS_1_DEVICE0_CONFIGURATION0_INTERFACE_CLASS:
  74 0040 03       		.byte	3
  75 0041 000000   		.space	3
  76              		.type	USBFS_1_DEVICE0_CONFIGURATION0_EP_SETTINGS_TABLE, %object
  77              		.size	USBFS_1_DEVICE0_CONFIGURATION0_EP_SETTINGS_TABLE, 16
  78              	USBFS_1_DEVICE0_CONFIGURATION0_EP_SETTINGS_TABLE:
  79 0044 00       		.byte	0
  80 0045 00       		.byte	0
  81 0046 81       		.byte	-127
  82 0047 03       		.byte	3
  83 0048 0B00     		.short	11
  84 004a 03       		.byte	3
  85 004b 00       		.space	1
  86 004c 00       		.byte	0
  87 004d 00       		.byte	0
  88 004e 02       		.byte	2
  89 004f 03       		.byte	3
  90 0050 0200     		.short	2
  91 0052 03       		.byte	3
  92 0053 00       		.space	1
  93              		.type	USBFS_1_DEVICE0_CONFIGURATION0_INTERFACE0_TABLE, %object
  94              		.size	USBFS_1_DEVICE0_CONFIGURATION0_INTERFACE0_TABLE, 8
  95              	USBFS_1_DEVICE0_CONFIGURATION0_INTERFACE0_TABLE:
  96 0054 01       		.byte	1
  97 0055 000000   		.space	3
  98 0058 00000000 		.word	USBFS_1_DEVICE0_CONFIGURATION0_INTERFACE0_ALTERNATE0_HID_TABLE
  99              		.type	USBFS_1_DEVICE0_CONFIGURATION0_INTERFACE0_ALTERNATE0_HID_TABLE, %object
 100              		.size	USBFS_1_DEVICE0_CONFIGURATION0_INTERFACE0_ALTERNATE0_HID_TABLE, 40
 101              	USBFS_1_DEVICE0_CONFIGURATION0_INTERFACE0_ALTERNATE0_HID_TABLE:
 102 005c 00       		.byte	0
 103 005d 000000   		.space	3
 104 0060 00000000 		.word	USBFS_1_DEVICE0_CONFIGURATION0_INTERFACE0_ALTERNATE0_HID_IN_RPT_TABLE
 105 0064 00       		.byte	0
 106 0065 000000   		.space	3
 107 0068 00000000 		.word	USBFS_1_DEVICE0_CONFIGURATION0_INTERFACE0_ALTERNATE0_HID_OUT_RPT_TABLE
 108 006c 00       		.byte	0
 109 006d 000000   		.space	3
 110 0070 00000000 		.word	0
 111 0074 01       		.byte	1
 112 0075 000000   		.space	3
 113 0078 00000000 		.word	USBFS_1_HIDREPORT_DESCRIPTOR1
 114 007c 01       		.byte	1
ARM GAS  C:\Users\billy\AppData\Local\Temp\ccdo7OHM.s 			page 3


 115 007d 000000   		.space	3
 116 0080 12000000 		.word	USBFS_1_DEVICE0_CONFIGURATION0_DESCR+18
 117              		.type	USBFS_1_DEVICE0_CONFIGURATION0_INTERFACE0_ALTERNATE0_HID_OUT_RPT_TABLE, %object
 118              		.size	USBFS_1_DEVICE0_CONFIGURATION0_INTERFACE0_ALTERNATE0_HID_OUT_RPT_TABLE, 12
 119              	USBFS_1_DEVICE0_CONFIGURATION0_INTERFACE0_ALTERNATE0_HID_OUT_RPT_TABLE:
 120 0084 0300     		.short	3
 121 0086 0000     		.space	2
 122 0088 00000000 		.word	USBFS_1_DEVICE0_CONFIGURATION0_INTERFACE0_ALTERNATE0_HID_OUT_BUF
 123 008c 00000000 		.word	USBFS_1_DEVICE0_CONFIGURATION0_INTERFACE0_ALTERNATE0_HID_OUT_RPT_SCB
 124              		.type	USBFS_1_DEVICE0_CONFIGURATION0_INTERFACE0_ALTERNATE0_HID_IN_RPT_TABLE, %object
 125              		.size	USBFS_1_DEVICE0_CONFIGURATION0_INTERFACE0_ALTERNATE0_HID_IN_RPT_TABLE, 12
 126              	USBFS_1_DEVICE0_CONFIGURATION0_INTERFACE0_ALTERNATE0_HID_IN_RPT_TABLE:
 127 0090 0500     		.short	5
 128 0092 0000     		.space	2
 129 0094 00000000 		.word	USBFS_1_DEVICE0_CONFIGURATION0_INTERFACE0_ALTERNATE0_HID_IN_BUF
 130 0098 00000000 		.word	USBFS_1_DEVICE0_CONFIGURATION0_INTERFACE0_ALTERNATE0_HID_IN_RPT_SCB
 131              		.type	USBFS_1_HIDREPORT_DESCRIPTOR1, %object
 132              		.size	USBFS_1_HIDREPORT_DESCRIPTOR1, 49
 133              	USBFS_1_HIDREPORT_DESCRIPTOR1:
 134 009c 2D       		.byte	45
 135 009d 00       		.byte	0
 136 009e 05       		.byte	5
 137 009f 01       		.byte	1
 138 00a0 09       		.byte	9
 139 00a1 04       		.byte	4
 140 00a2 A1       		.byte	-95
 141 00a3 01       		.byte	1
 142 00a4 05       		.byte	5
 143 00a5 09       		.byte	9
 144 00a6 19       		.byte	25
 145 00a7 01       		.byte	1
 146 00a8 29       		.byte	41
 147 00a9 20       		.byte	32
 148 00aa 15       		.byte	21
 149 00ab 00       		.byte	0
 150 00ac 25       		.byte	37
 151 00ad 01       		.byte	1
 152 00ae 75       		.byte	117
 153 00af 01       		.byte	1
 154 00b0 95       		.byte	-107
 155 00b1 20       		.byte	32
 156 00b2 81       		.byte	-127
 157 00b3 02       		.byte	2
 158 00b4 05       		.byte	5
 159 00b5 08       		.byte	8
 160 00b6 19       		.byte	25
 161 00b7 01       		.byte	1
 162 00b8 29       		.byte	41
 163 00b9 0C       		.byte	12
 164 00ba 15       		.byte	21
 165 00bb 00       		.byte	0
 166 00bc 25       		.byte	37
 167 00bd 01       		.byte	1
 168 00be 75       		.byte	117
 169 00bf 01       		.byte	1
 170 00c0 95       		.byte	-107
 171 00c1 0C       		.byte	12
ARM GAS  C:\Users\billy\AppData\Local\Temp\ccdo7OHM.s 			page 4


 172 00c2 91       		.byte	-111
 173 00c3 02       		.byte	2
 174 00c4 95       		.byte	-107
 175 00c5 01       		.byte	1
 176 00c6 75       		.byte	117
 177 00c7 04       		.byte	4
 178 00c8 91       		.byte	-111
 179 00c9 03       		.byte	3
 180 00ca C0       		.byte	-64
 181 00cb 00       		.byte	0
 182 00cc 00       		.byte	0
 183 00cd 000000   		.space	3
 184              		.type	USBFS_1_STRING_DESCRIPTORS, %object
 185              		.size	USBFS_1_STRING_DESCRIPTORS, 75
 186              	USBFS_1_STRING_DESCRIPTORS:
 187 00d0 04       		.byte	4
 188 00d1 03       		.byte	3
 189 00d2 09       		.byte	9
 190 00d3 04       		.byte	4
 191 00d4 2C       		.byte	44
 192 00d5 03       		.byte	3
 193 00d6 43       		.byte	67
 194 00d7 00       		.byte	0
 195 00d8 79       		.byte	121
 196 00d9 00       		.byte	0
 197 00da 70       		.byte	112
 198 00db 00       		.byte	0
 199 00dc 72       		.byte	114
 200 00dd 00       		.byte	0
 201 00de 65       		.byte	101
 202 00df 00       		.byte	0
 203 00e0 73       		.byte	115
 204 00e1 00       		.byte	0
 205 00e2 73       		.byte	115
 206 00e3 00       		.byte	0
 207 00e4 20       		.byte	32
 208 00e5 00       		.byte	0
 209 00e6 53       		.byte	83
 210 00e7 00       		.byte	0
 211 00e8 65       		.byte	101
 212 00e9 00       		.byte	0
 213 00ea 6D       		.byte	109
 214 00eb 00       		.byte	0
 215 00ec 69       		.byte	105
 216 00ed 00       		.byte	0
 217 00ee 63       		.byte	99
 218 00ef 00       		.byte	0
 219 00f0 6F       		.byte	111
 220 00f1 00       		.byte	0
 221 00f2 6E       		.byte	110
 222 00f3 00       		.byte	0
 223 00f4 64       		.byte	100
 224 00f5 00       		.byte	0
 225 00f6 75       		.byte	117
 226 00f7 00       		.byte	0
 227 00f8 63       		.byte	99
 228 00f9 00       		.byte	0
ARM GAS  C:\Users\billy\AppData\Local\Temp\ccdo7OHM.s 			page 5


 229 00fa 74       		.byte	116
 230 00fb 00       		.byte	0
 231 00fc 6F       		.byte	111
 232 00fd 00       		.byte	0
 233 00fe 72       		.byte	114
 234 00ff 00       		.byte	0
 235 0100 1A       		.byte	26
 236 0101 03       		.byte	3
 237 0102 43       		.byte	67
 238 0103 00       		.byte	0
 239 0104 79       		.byte	121
 240 0105 00       		.byte	0
 241 0106 43       		.byte	67
 242 0107 00       		.byte	0
 243 0108 6F       		.byte	111
 244 0109 00       		.byte	0
 245 010a 6E       		.byte	110
 246 010b 00       		.byte	0
 247 010c 74       		.byte	116
 248 010d 00       		.byte	0
 249 010e 72       		.byte	114
 250 010f 00       		.byte	0
 251 0110 6F       		.byte	111
 252 0111 00       		.byte	0
 253 0112 6C       		.byte	108
 254 0113 00       		.byte	0
 255 0114 6C       		.byte	108
 256 0115 00       		.byte	0
 257 0116 65       		.byte	101
 258 0117 00       		.byte	0
 259 0118 72       		.byte	114
 260 0119 00       		.byte	0
 261 011a 00       		.byte	0
 262 011b 00       		.space	1
 263              		.type	USBFS_1_DEVICE0_CONFIGURATION0_DESCR, %object
 264              		.size	USBFS_1_DEVICE0_CONFIGURATION0_DESCR, 41
 265              	USBFS_1_DEVICE0_CONFIGURATION0_DESCR:
 266 011c 09       		.byte	9
 267 011d 02       		.byte	2
 268 011e 29       		.byte	41
 269 011f 00       		.byte	0
 270 0120 01       		.byte	1
 271 0121 01       		.byte	1
 272 0122 00       		.byte	0
 273 0123 80       		.byte	-128
 274 0124 FA       		.byte	-6
 275 0125 09       		.byte	9
 276 0126 04       		.byte	4
 277 0127 00       		.byte	0
 278 0128 00       		.byte	0
 279 0129 02       		.byte	2
 280 012a 03       		.byte	3
 281 012b 00       		.byte	0
 282 012c 00       		.byte	0
 283 012d 00       		.byte	0
 284 012e 09       		.byte	9
 285 012f 21       		.byte	33
ARM GAS  C:\Users\billy\AppData\Local\Temp\ccdo7OHM.s 			page 6


 286 0130 11       		.byte	17
 287 0131 01       		.byte	1
 288 0132 00       		.byte	0
 289 0133 01       		.byte	1
 290 0134 22       		.byte	34
 291 0135 2D       		.byte	45
 292 0136 00       		.byte	0
 293 0137 07       		.byte	7
 294 0138 05       		.byte	5
 295 0139 81       		.byte	-127
 296 013a 03       		.byte	3
 297 013b 0B       		.byte	11
 298 013c 00       		.byte	0
 299 013d 0A       		.byte	10
 300 013e 07       		.byte	7
 301 013f 05       		.byte	5
 302 0140 02       		.byte	2
 303 0141 03       		.byte	3
 304 0142 02       		.byte	2
 305 0143 00       		.byte	0
 306 0144 0A       		.byte	10
 307 0145 000000   		.space	3
 308              		.type	USBFS_1_DEVICE0_DESCR, %object
 309              		.size	USBFS_1_DEVICE0_DESCR, 18
 310              	USBFS_1_DEVICE0_DESCR:
 311 0148 12       		.byte	18
 312 0149 01       		.byte	1
 313 014a 00       		.byte	0
 314 014b 02       		.byte	2
 315 014c 00       		.byte	0
 316 014d 00       		.byte	0
 317 014e 00       		.byte	0
 318 014f 08       		.byte	8
 319 0150 B4       		.byte	-76
 320 0151 04       		.byte	4
 321 0152 11       		.byte	17
 322 0153 11       		.byte	17
 323 0154 00       		.byte	0
 324 0155 00       		.byte	0
 325 0156 01       		.byte	1
 326 0157 02       		.byte	2
 327 0158 00       		.byte	0
 328 0159 01       		.byte	1
 329              		.text
 330              	.Letext0:
 331              		.file 1 "Generated_Source\\PSoC5\\cytypes.h"
 332              		.file 2 "Generated_Source\\PSoC5\\USBFS_1.h"
 333              		.file 3 "Generated_Source\\PSoC5\\USBFS_1_descr.c"
 334              		.section	.debug_info,"",%progbits
 335              	.Ldebug_info0:
 336 0000 E5030000 		.4byte	0x3e5
 337 0004 0400     		.2byte	0x4
 338 0006 00000000 		.4byte	.Ldebug_abbrev0
 339 000a 04       		.byte	0x4
 340 000b 01       		.uleb128 0x1
 341 000c 62010000 		.4byte	.LASF49
 342 0010 0C       		.byte	0xc
ARM GAS  C:\Users\billy\AppData\Local\Temp\ccdo7OHM.s 			page 7


 343 0011 30040000 		.4byte	.LASF50
 344 0015 F0010000 		.4byte	.LASF51
 345 0019 00000000 		.4byte	.Ldebug_line0
 346 001d 02       		.uleb128 0x2
 347 001e 01       		.byte	0x1
 348 001f 06       		.byte	0x6
 349 0020 14050000 		.4byte	.LASF0
 350 0024 02       		.uleb128 0x2
 351 0025 01       		.byte	0x1
 352 0026 08       		.byte	0x8
 353 0027 54010000 		.4byte	.LASF1
 354 002b 02       		.uleb128 0x2
 355 002c 02       		.byte	0x2
 356 002d 05       		.byte	0x5
 357 002e 92040000 		.4byte	.LASF2
 358 0032 02       		.uleb128 0x2
 359 0033 02       		.byte	0x2
 360 0034 07       		.byte	0x7
 361 0035 6D000000 		.4byte	.LASF3
 362 0039 02       		.uleb128 0x2
 363 003a 04       		.byte	0x4
 364 003b 05       		.byte	0x5
 365 003c 64000000 		.4byte	.LASF4
 366 0040 02       		.uleb128 0x2
 367 0041 04       		.byte	0x4
 368 0042 07       		.byte	0x7
 369 0043 3B020000 		.4byte	.LASF5
 370 0047 02       		.uleb128 0x2
 371 0048 08       		.byte	0x8
 372 0049 05       		.byte	0x5
 373 004a 22040000 		.4byte	.LASF6
 374 004e 02       		.uleb128 0x2
 375 004f 08       		.byte	0x8
 376 0050 07       		.byte	0x7
 377 0051 51030000 		.4byte	.LASF7
 378 0055 03       		.uleb128 0x3
 379 0056 04       		.byte	0x4
 380 0057 05       		.byte	0x5
 381 0058 696E7400 		.ascii	"int\000"
 382 005c 02       		.uleb128 0x2
 383 005d 04       		.byte	0x4
 384 005e 07       		.byte	0x7
 385 005f 20030000 		.4byte	.LASF8
 386 0063 04       		.uleb128 0x4
 387 0064 9C040000 		.4byte	.LASF9
 388 0068 01       		.byte	0x1
 389 0069 E701     		.2byte	0x1e7
 390 006b 24000000 		.4byte	0x24
 391 006f 04       		.uleb128 0x4
 392 0070 E8020000 		.4byte	.LASF10
 393 0074 01       		.byte	0x1
 394 0075 E801     		.2byte	0x1e8
 395 0077 32000000 		.4byte	0x32
 396 007b 02       		.uleb128 0x2
 397 007c 04       		.byte	0x4
 398 007d 04       		.byte	0x4
 399 007e 01010000 		.4byte	.LASF11
ARM GAS  C:\Users\billy\AppData\Local\Temp\ccdo7OHM.s 			page 8


 400 0082 02       		.uleb128 0x2
 401 0083 08       		.byte	0x8
 402 0084 04       		.byte	0x4
 403 0085 E1020000 		.4byte	.LASF12
 404 0089 02       		.uleb128 0x2
 405 008a 01       		.byte	0x1
 406 008b 08       		.byte	0x8
 407 008c F6040000 		.4byte	.LASF13
 408 0090 05       		.uleb128 0x5
 409 0091 63000000 		.4byte	0x63
 410 0095 02       		.uleb128 0x2
 411 0096 08       		.byte	0x8
 412 0097 04       		.byte	0x4
 413 0098 FB040000 		.4byte	.LASF14
 414 009c 02       		.uleb128 0x2
 415 009d 04       		.byte	0x4
 416 009e 07       		.byte	0x7
 417 009f FB030000 		.4byte	.LASF15
 418 00a3 06       		.uleb128 0x6
 419 00a4 08       		.byte	0x8
 420 00a5 02       		.byte	0x2
 421 00a6 9F       		.byte	0x9f
 422 00a7 F4000000 		.4byte	0xf4
 423 00ab 07       		.uleb128 0x7
 424 00ac A2040000 		.4byte	.LASF16
 425 00b0 02       		.byte	0x2
 426 00b1 A1       		.byte	0xa1
 427 00b2 63000000 		.4byte	0x63
 428 00b6 00       		.byte	0
 429 00b7 07       		.uleb128 0x7
 430 00b8 F6000000 		.4byte	.LASF17
 431 00bc 02       		.byte	0x2
 432 00bd A2       		.byte	0xa2
 433 00be 63000000 		.4byte	0x63
 434 00c2 01       		.byte	0x1
 435 00c3 07       		.uleb128 0x7
 436 00c4 4D020000 		.4byte	.LASF18
 437 00c8 02       		.byte	0x2
 438 00c9 A3       		.byte	0xa3
 439 00ca 63000000 		.4byte	0x63
 440 00ce 02       		.byte	0x2
 441 00cf 07       		.uleb128 0x7
 442 00d0 0D000000 		.4byte	.LASF19
 443 00d4 02       		.byte	0x2
 444 00d5 A4       		.byte	0xa4
 445 00d6 63000000 		.4byte	0x63
 446 00da 03       		.byte	0x3
 447 00db 07       		.uleb128 0x7
 448 00dc 87040000 		.4byte	.LASF20
 449 00e0 02       		.byte	0x2
 450 00e1 A5       		.byte	0xa5
 451 00e2 6F000000 		.4byte	0x6f
 452 00e6 04       		.byte	0x4
 453 00e7 07       		.uleb128 0x7
 454 00e8 8C050000 		.4byte	.LASF21
 455 00ec 02       		.byte	0x2
 456 00ed A6       		.byte	0xa6
ARM GAS  C:\Users\billy\AppData\Local\Temp\ccdo7OHM.s 			page 9


 457 00ee 63000000 		.4byte	0x63
 458 00f2 06       		.byte	0x6
 459 00f3 00       		.byte	0
 460 00f4 08       		.uleb128 0x8
 461 00f5 84020000 		.4byte	.LASF22
 462 00f9 02       		.byte	0x2
 463 00fa A7       		.byte	0xa7
 464 00fb A3000000 		.4byte	0xa3
 465 00ff 06       		.uleb128 0x6
 466 0100 04       		.byte	0x4
 467 0101 02       		.byte	0x2
 468 0102 A9       		.byte	0xa9
 469 0103 20010000 		.4byte	0x120
 470 0107 07       		.uleb128 0x7
 471 0108 A5000000 		.4byte	.LASF23
 472 010c 02       		.byte	0x2
 473 010d AB       		.byte	0xab
 474 010e 63000000 		.4byte	0x63
 475 0112 00       		.byte	0
 476 0113 07       		.uleb128 0x7
 477 0114 60050000 		.4byte	.LASF24
 478 0118 02       		.byte	0x2
 479 0119 AC       		.byte	0xac
 480 011a 6F000000 		.4byte	0x6f
 481 011e 02       		.byte	0x2
 482 011f 00       		.byte	0
 483 0120 08       		.uleb128 0x8
 484 0121 52020000 		.4byte	.LASF25
 485 0125 02       		.byte	0x2
 486 0126 AD       		.byte	0xad
 487 0127 FF000000 		.4byte	0xff
 488 012b 06       		.uleb128 0x6
 489 012c 0C       		.byte	0xc
 490 012d 02       		.byte	0x2
 491 012e AF       		.byte	0xaf
 492 012f 58010000 		.4byte	0x158
 493 0133 07       		.uleb128 0x7
 494 0134 5E000000 		.4byte	.LASF26
 495 0138 02       		.byte	0x2
 496 0139 B1       		.byte	0xb1
 497 013a 6F000000 		.4byte	0x6f
 498 013e 00       		.byte	0
 499 013f 07       		.uleb128 0x7
 500 0140 F0000000 		.4byte	.LASF27
 501 0144 02       		.byte	0x2
 502 0145 B2       		.byte	0xb2
 503 0146 58010000 		.4byte	0x158
 504 014a 04       		.byte	0x4
 505 014b 07       		.uleb128 0x7
 506 014c 00000000 		.4byte	.LASF28
 507 0150 02       		.byte	0x2
 508 0151 B3       		.byte	0xb3
 509 0152 5E010000 		.4byte	0x15e
 510 0156 08       		.byte	0x8
 511 0157 00       		.byte	0
 512 0158 09       		.uleb128 0x9
 513 0159 04       		.byte	0x4
ARM GAS  C:\Users\billy\AppData\Local\Temp\ccdo7OHM.s 			page 10


 514 015a 90000000 		.4byte	0x90
 515 015e 09       		.uleb128 0x9
 516 015f 04       		.byte	0x4
 517 0160 20010000 		.4byte	0x120
 518 0164 08       		.uleb128 0x8
 519 0165 07050000 		.4byte	.LASF29
 520 0169 02       		.byte	0x2
 521 016a B4       		.byte	0xb4
 522 016b 2B010000 		.4byte	0x12b
 523 016f 06       		.uleb128 0x6
 524 0170 08       		.byte	0x8
 525 0171 02       		.byte	0x2
 526 0172 B6       		.byte	0xb6
 527 0173 8E010000 		.4byte	0x18e
 528 0177 0A       		.uleb128 0xa
 529 0178 6300     		.ascii	"c\000"
 530 017a 02       		.byte	0x2
 531 017b B8       		.byte	0xb8
 532 017c 63000000 		.4byte	0x63
 533 0180 00       		.byte	0
 534 0181 07       		.uleb128 0x7
 535 0182 68030000 		.4byte	.LASF30
 536 0186 02       		.byte	0x2
 537 0187 B9       		.byte	0xb9
 538 0188 8E010000 		.4byte	0x18e
 539 018c 04       		.byte	0x4
 540 018d 00       		.byte	0
 541 018e 09       		.uleb128 0x9
 542 018f 04       		.byte	0x4
 543 0190 94010000 		.4byte	0x194
 544 0194 0B       		.uleb128 0xb
 545 0195 08       		.uleb128 0x8
 546 0196 2D030000 		.4byte	.LASF31
 547 019a 02       		.byte	0x2
 548 019b BA       		.byte	0xba
 549 019c 6F010000 		.4byte	0x16f
 550 01a0 0C       		.uleb128 0xc
 551 01a1 B0010000 		.4byte	0x1b0
 552 01a5 B0010000 		.4byte	0x1b0
 553 01a9 0D       		.uleb128 0xd
 554 01aa 9C000000 		.4byte	0x9c
 555 01ae 11       		.byte	0x11
 556 01af 00       		.byte	0
 557 01b0 0E       		.uleb128 0xe
 558 01b1 63000000 		.4byte	0x63
 559 01b5 0F       		.uleb128 0xf
 560 01b6 3B030000 		.4byte	.LASF32
 561 01ba 03       		.byte	0x3
 562 01bb 24       		.byte	0x24
 563 01bc C6010000 		.4byte	0x1c6
 564 01c0 05       		.uleb128 0x5
 565 01c1 03       		.byte	0x3
 566 01c2 00000000 		.4byte	USBFS_1_DEVICE0_DESCR
 567 01c6 0E       		.uleb128 0xe
 568 01c7 A0010000 		.4byte	0x1a0
 569 01cb 0C       		.uleb128 0xc
 570 01cc B0010000 		.4byte	0x1b0
ARM GAS  C:\Users\billy\AppData\Local\Temp\ccdo7OHM.s 			page 11


 571 01d0 DB010000 		.4byte	0x1db
 572 01d4 0D       		.uleb128 0xd
 573 01d5 9C000000 		.4byte	0x9c
 574 01d9 28       		.byte	0x28
 575 01da 00       		.byte	0
 576 01db 0F       		.uleb128 0xf
 577 01dc 80000000 		.4byte	.LASF33
 578 01e0 03       		.byte	0x3
 579 01e1 37       		.byte	0x37
 580 01e2 EC010000 		.4byte	0x1ec
 581 01e6 05       		.uleb128 0x5
 582 01e7 03       		.byte	0x3
 583 01e8 00000000 		.4byte	USBFS_1_DEVICE0_CONFIGURATION0_DESCR
 584 01ec 0E       		.uleb128 0xe
 585 01ed CB010000 		.4byte	0x1cb
 586 01f1 0C       		.uleb128 0xc
 587 01f2 01020000 		.4byte	0x201
 588 01f6 01020000 		.4byte	0x201
 589 01fa 0D       		.uleb128 0xd
 590 01fb 9C000000 		.4byte	0x9c
 591 01ff 00       		.byte	0
 592 0200 00       		.byte	0
 593 0201 0E       		.uleb128 0xe
 594 0202 95010000 		.4byte	0x195
 595 0206 0F       		.uleb128 0xf
 596 0207 57040000 		.4byte	.LASF34
 597 020b 03       		.byte	0x3
 598 020c E0       		.byte	0xe0
 599 020d 17020000 		.4byte	0x217
 600 0211 05       		.uleb128 0x5
 601 0212 03       		.byte	0x3
 602 0213 00000000 		.4byte	USBFS_1_DEVICE0_CONFIGURATION0_INTERFACE0_TABLE
 603 0217 0E       		.uleb128 0xe
 604 0218 F1010000 		.4byte	0x1f1
 605 021c 0C       		.uleb128 0xc
 606 021d 2C020000 		.4byte	0x22c
 607 0221 2C020000 		.4byte	0x22c
 608 0225 0D       		.uleb128 0xd
 609 0226 9C000000 		.4byte	0x9c
 610 022a 01       		.byte	0x1
 611 022b 00       		.byte	0
 612 022c 0E       		.uleb128 0xe
 613 022d F4000000 		.4byte	0xf4
 614 0231 0F       		.uleb128 0xf
 615 0232 EF020000 		.4byte	.LASF35
 616 0236 03       		.byte	0x3
 617 0237 EB       		.byte	0xeb
 618 0238 42020000 		.4byte	0x242
 619 023c 05       		.uleb128 0x5
 620 023d 03       		.byte	0x3
 621 023e 00000000 		.4byte	USBFS_1_DEVICE0_CONFIGURATION0_EP_SETTINGS_TABLE
 622 0242 0E       		.uleb128 0xe
 623 0243 1C020000 		.4byte	0x21c
 624 0247 0C       		.uleb128 0xc
 625 0248 B0010000 		.4byte	0x1b0
 626 024c 57020000 		.4byte	0x257
 627 0250 0D       		.uleb128 0xd
ARM GAS  C:\Users\billy\AppData\Local\Temp\ccdo7OHM.s 			page 12


 628 0251 9C000000 		.4byte	0x9c
 629 0255 00       		.byte	0
 630 0256 00       		.byte	0
 631 0257 0F       		.uleb128 0xf
 632 0258 C7040000 		.4byte	.LASF36
 633 025c 03       		.byte	0x3
 634 025d F0       		.byte	0xf0
 635 025e 68020000 		.4byte	0x268
 636 0262 05       		.uleb128 0x5
 637 0263 03       		.byte	0x3
 638 0264 00000000 		.4byte	USBFS_1_DEVICE0_CONFIGURATION0_INTERFACE_CLASS
 639 0268 0E       		.uleb128 0xe
 640 0269 47020000 		.4byte	0x247
 641 026d 0C       		.uleb128 0xc
 642 026e 01020000 		.4byte	0x201
 643 0272 7D020000 		.4byte	0x27d
 644 0276 0D       		.uleb128 0xd
 645 0277 9C000000 		.4byte	0x9c
 646 027b 03       		.byte	0x3
 647 027c 00       		.byte	0
 648 027d 0F       		.uleb128 0xf
 649 027e 67050000 		.4byte	.LASF37
 650 0282 03       		.byte	0x3
 651 0283 F8       		.byte	0xf8
 652 0284 8E020000 		.4byte	0x28e
 653 0288 05       		.uleb128 0x5
 654 0289 03       		.byte	0x3
 655 028a 00000000 		.4byte	USBFS_1_DEVICE0_CONFIGURATION0_TABLE
 656 028e 0E       		.uleb128 0xe
 657 028f 6D020000 		.4byte	0x26d
 658 0293 0C       		.uleb128 0xc
 659 0294 01020000 		.4byte	0x201
 660 0298 A3020000 		.4byte	0x2a3
 661 029c 0D       		.uleb128 0xd
 662 029d 9C000000 		.4byte	0x9c
 663 02a1 02       		.byte	0x2
 664 02a2 00       		.byte	0
 665 02a3 10       		.uleb128 0x10
 666 02a4 6E020000 		.4byte	.LASF38
 667 02a8 03       		.byte	0x3
 668 02a9 0201     		.2byte	0x102
 669 02ab B5020000 		.4byte	0x2b5
 670 02af 05       		.uleb128 0x5
 671 02b0 03       		.byte	0x3
 672 02b1 00000000 		.4byte	USBFS_1_DEVICE0_TABLE
 673 02b5 0E       		.uleb128 0xe
 674 02b6 93020000 		.4byte	0x293
 675 02ba 10       		.uleb128 0x10
 676 02bb 46010000 		.4byte	.LASF39
 677 02bf 03       		.byte	0x3
 678 02c0 0A01     		.2byte	0x10a
 679 02c2 CC020000 		.4byte	0x2cc
 680 02c6 05       		.uleb128 0x5
 681 02c7 03       		.byte	0x3
 682 02c8 00000000 		.4byte	USBFS_1_TABLE
 683 02cc 0E       		.uleb128 0xe
 684 02cd F1010000 		.4byte	0x1f1
ARM GAS  C:\Users\billy\AppData\Local\Temp\ccdo7OHM.s 			page 13


 685 02d1 0C       		.uleb128 0xc
 686 02d2 B0010000 		.4byte	0x1b0
 687 02d6 E1020000 		.4byte	0x2e1
 688 02da 0D       		.uleb128 0xd
 689 02db 9C000000 		.4byte	0x9c
 690 02df 4A       		.byte	0x4a
 691 02e0 00       		.byte	0
 692 02e1 0F       		.uleb128 0xf
 693 02e2 AC040000 		.4byte	.LASF40
 694 02e6 03       		.byte	0x3
 695 02e7 6E       		.byte	0x6e
 696 02e8 F2020000 		.4byte	0x2f2
 697 02ec 05       		.uleb128 0x5
 698 02ed 03       		.byte	0x3
 699 02ee 00000000 		.4byte	USBFS_1_STRING_DESCRIPTORS
 700 02f2 0E       		.uleb128 0xe
 701 02f3 D1020000 		.4byte	0x2d1
 702 02f7 0F       		.uleb128 0xf
 703 02f8 AC000000 		.4byte	.LASF41
 704 02fc 03       		.byte	0x3
 705 02fd B1       		.byte	0xb1
 706 02fe 20010000 		.4byte	0x120
 707 0302 05       		.uleb128 0x5
 708 0303 03       		.byte	0x3
 709 0304 00000000 		.4byte	USBFS_1_DEVICE0_CONFIGURATION0_INTERFACE0_ALTERNATE0_HID_IN_RPT_SCB
 710 0308 0C       		.uleb128 0xc
 711 0309 63000000 		.4byte	0x63
 712 030d 18030000 		.4byte	0x318
 713 0311 0D       		.uleb128 0xd
 714 0312 9C000000 		.4byte	0x9c
 715 0316 04       		.byte	0x4
 716 0317 00       		.byte	0
 717 0318 0F       		.uleb128 0xf
 718 0319 20050000 		.4byte	.LASF42
 719 031d 03       		.byte	0x3
 720 031e B2       		.byte	0xb2
 721 031f 08030000 		.4byte	0x308
 722 0323 05       		.uleb128 0x5
 723 0324 03       		.byte	0x3
 724 0325 00000000 		.4byte	USBFS_1_DEVICE0_CONFIGURATION0_INTERFACE0_ALTERNATE0_HID_IN_BUF
 725 0329 0F       		.uleb128 0xf
 726 032a 6F030000 		.4byte	.LASF43
 727 032e 03       		.byte	0x3
 728 032f C0       		.byte	0xc0
 729 0330 20010000 		.4byte	0x120
 730 0334 05       		.uleb128 0x5
 731 0335 03       		.byte	0x3
 732 0336 00000000 		.4byte	USBFS_1_DEVICE0_CONFIGURATION0_INTERFACE0_ALTERNATE0_HID_OUT_RPT_SCB
 733 033a 0C       		.uleb128 0xc
 734 033b 63000000 		.4byte	0x63
 735 033f 4A030000 		.4byte	0x34a
 736 0343 0D       		.uleb128 0xd
 737 0344 9C000000 		.4byte	0x9c
 738 0348 02       		.byte	0x2
 739 0349 00       		.byte	0
 740 034a 0F       		.uleb128 0xf
 741 034b A0020000 		.4byte	.LASF44
ARM GAS  C:\Users\billy\AppData\Local\Temp\ccdo7OHM.s 			page 14


 742 034f 03       		.byte	0x3
 743 0350 C1       		.byte	0xc1
 744 0351 3A030000 		.4byte	0x33a
 745 0355 05       		.uleb128 0x5
 746 0356 03       		.byte	0x3
 747 0357 00000000 		.4byte	USBFS_1_DEVICE0_CONFIGURATION0_INTERFACE0_ALTERNATE0_HID_OUT_BUF
 748 035b 0C       		.uleb128 0xc
 749 035c B0010000 		.4byte	0x1b0
 750 0360 6B030000 		.4byte	0x36b
 751 0364 0D       		.uleb128 0xd
 752 0365 9C000000 		.4byte	0x9c
 753 0369 30       		.byte	0x30
 754 036a 00       		.byte	0
 755 036b 0F       		.uleb128 0xf
 756 036c 04040000 		.4byte	.LASF45
 757 0370 03       		.byte	0x3
 758 0371 8F       		.byte	0x8f
 759 0372 7C030000 		.4byte	0x37c
 760 0376 05       		.uleb128 0x5
 761 0377 03       		.byte	0x3
 762 0378 00000000 		.4byte	USBFS_1_HIDREPORT_DESCRIPTOR1
 763 037c 0E       		.uleb128 0xe
 764 037d 5B030000 		.4byte	0x35b
 765 0381 0C       		.uleb128 0xc
 766 0382 91030000 		.4byte	0x391
 767 0386 91030000 		.4byte	0x391
 768 038a 0D       		.uleb128 0xd
 769 038b 9C000000 		.4byte	0x9c
 770 038f 00       		.byte	0
 771 0390 00       		.byte	0
 772 0391 0E       		.uleb128 0xe
 773 0392 64010000 		.4byte	0x164
 774 0396 0F       		.uleb128 0xf
 775 0397 18000000 		.4byte	.LASF46
 776 039b 03       		.byte	0x3
 777 039c B8       		.byte	0xb8
 778 039d A7030000 		.4byte	0x3a7
 779 03a1 05       		.uleb128 0x5
 780 03a2 03       		.byte	0x3
 781 03a3 00000000 		.4byte	USBFS_1_DEVICE0_CONFIGURATION0_INTERFACE0_ALTERNATE0_HID_IN_RPT_TABLE
 782 03a7 0E       		.uleb128 0xe
 783 03a8 81030000 		.4byte	0x381
 784 03ac 0F       		.uleb128 0xf
 785 03ad B4030000 		.4byte	.LASF47
 786 03b1 03       		.byte	0x3
 787 03b2 C7       		.byte	0xc7
 788 03b3 BD030000 		.4byte	0x3bd
 789 03b7 05       		.uleb128 0x5
 790 03b8 03       		.byte	0x3
 791 03b9 00000000 		.4byte	USBFS_1_DEVICE0_CONFIGURATION0_INTERFACE0_ALTERNATE0_HID_OUT_RPT_TABLE
 792 03bd 0E       		.uleb128 0xe
 793 03be 81030000 		.4byte	0x381
 794 03c2 0C       		.uleb128 0xc
 795 03c3 01020000 		.4byte	0x201
 796 03c7 D2030000 		.4byte	0x3d2
 797 03cb 0D       		.uleb128 0xd
 798 03cc 9C000000 		.4byte	0x9c
ARM GAS  C:\Users\billy\AppData\Local\Temp\ccdo7OHM.s 			page 15


 799 03d0 04       		.byte	0x4
 800 03d1 00       		.byte	0
 801 03d2 0F       		.uleb128 0xf
 802 03d3 07010000 		.4byte	.LASF48
 803 03d7 03       		.byte	0x3
 804 03d8 D4       		.byte	0xd4
 805 03d9 E3030000 		.4byte	0x3e3
 806 03dd 05       		.uleb128 0x5
 807 03de 03       		.byte	0x3
 808 03df 00000000 		.4byte	USBFS_1_DEVICE0_CONFIGURATION0_INTERFACE0_ALTERNATE0_HID_TABLE
 809 03e3 0E       		.uleb128 0xe
 810 03e4 C2030000 		.4byte	0x3c2
 811 03e8 00       		.byte	0
 812              		.section	.debug_abbrev,"",%progbits
 813              	.Ldebug_abbrev0:
 814 0000 01       		.uleb128 0x1
 815 0001 11       		.uleb128 0x11
 816 0002 01       		.byte	0x1
 817 0003 25       		.uleb128 0x25
 818 0004 0E       		.uleb128 0xe
 819 0005 13       		.uleb128 0x13
 820 0006 0B       		.uleb128 0xb
 821 0007 03       		.uleb128 0x3
 822 0008 0E       		.uleb128 0xe
 823 0009 1B       		.uleb128 0x1b
 824 000a 0E       		.uleb128 0xe
 825 000b 10       		.uleb128 0x10
 826 000c 17       		.uleb128 0x17
 827 000d 00       		.byte	0
 828 000e 00       		.byte	0
 829 000f 02       		.uleb128 0x2
 830 0010 24       		.uleb128 0x24
 831 0011 00       		.byte	0
 832 0012 0B       		.uleb128 0xb
 833 0013 0B       		.uleb128 0xb
 834 0014 3E       		.uleb128 0x3e
 835 0015 0B       		.uleb128 0xb
 836 0016 03       		.uleb128 0x3
 837 0017 0E       		.uleb128 0xe
 838 0018 00       		.byte	0
 839 0019 00       		.byte	0
 840 001a 03       		.uleb128 0x3
 841 001b 24       		.uleb128 0x24
 842 001c 00       		.byte	0
 843 001d 0B       		.uleb128 0xb
 844 001e 0B       		.uleb128 0xb
 845 001f 3E       		.uleb128 0x3e
 846 0020 0B       		.uleb128 0xb
 847 0021 03       		.uleb128 0x3
 848 0022 08       		.uleb128 0x8
 849 0023 00       		.byte	0
 850 0024 00       		.byte	0
 851 0025 04       		.uleb128 0x4
 852 0026 16       		.uleb128 0x16
 853 0027 00       		.byte	0
 854 0028 03       		.uleb128 0x3
 855 0029 0E       		.uleb128 0xe
ARM GAS  C:\Users\billy\AppData\Local\Temp\ccdo7OHM.s 			page 16


 856 002a 3A       		.uleb128 0x3a
 857 002b 0B       		.uleb128 0xb
 858 002c 3B       		.uleb128 0x3b
 859 002d 05       		.uleb128 0x5
 860 002e 49       		.uleb128 0x49
 861 002f 13       		.uleb128 0x13
 862 0030 00       		.byte	0
 863 0031 00       		.byte	0
 864 0032 05       		.uleb128 0x5
 865 0033 35       		.uleb128 0x35
 866 0034 00       		.byte	0
 867 0035 49       		.uleb128 0x49
 868 0036 13       		.uleb128 0x13
 869 0037 00       		.byte	0
 870 0038 00       		.byte	0
 871 0039 06       		.uleb128 0x6
 872 003a 13       		.uleb128 0x13
 873 003b 01       		.byte	0x1
 874 003c 0B       		.uleb128 0xb
 875 003d 0B       		.uleb128 0xb
 876 003e 3A       		.uleb128 0x3a
 877 003f 0B       		.uleb128 0xb
 878 0040 3B       		.uleb128 0x3b
 879 0041 0B       		.uleb128 0xb
 880 0042 01       		.uleb128 0x1
 881 0043 13       		.uleb128 0x13
 882 0044 00       		.byte	0
 883 0045 00       		.byte	0
 884 0046 07       		.uleb128 0x7
 885 0047 0D       		.uleb128 0xd
 886 0048 00       		.byte	0
 887 0049 03       		.uleb128 0x3
 888 004a 0E       		.uleb128 0xe
 889 004b 3A       		.uleb128 0x3a
 890 004c 0B       		.uleb128 0xb
 891 004d 3B       		.uleb128 0x3b
 892 004e 0B       		.uleb128 0xb
 893 004f 49       		.uleb128 0x49
 894 0050 13       		.uleb128 0x13
 895 0051 38       		.uleb128 0x38
 896 0052 0B       		.uleb128 0xb
 897 0053 00       		.byte	0
 898 0054 00       		.byte	0
 899 0055 08       		.uleb128 0x8
 900 0056 16       		.uleb128 0x16
 901 0057 00       		.byte	0
 902 0058 03       		.uleb128 0x3
 903 0059 0E       		.uleb128 0xe
 904 005a 3A       		.uleb128 0x3a
 905 005b 0B       		.uleb128 0xb
 906 005c 3B       		.uleb128 0x3b
 907 005d 0B       		.uleb128 0xb
 908 005e 49       		.uleb128 0x49
 909 005f 13       		.uleb128 0x13
 910 0060 00       		.byte	0
 911 0061 00       		.byte	0
 912 0062 09       		.uleb128 0x9
ARM GAS  C:\Users\billy\AppData\Local\Temp\ccdo7OHM.s 			page 17


 913 0063 0F       		.uleb128 0xf
 914 0064 00       		.byte	0
 915 0065 0B       		.uleb128 0xb
 916 0066 0B       		.uleb128 0xb
 917 0067 49       		.uleb128 0x49
 918 0068 13       		.uleb128 0x13
 919 0069 00       		.byte	0
 920 006a 00       		.byte	0
 921 006b 0A       		.uleb128 0xa
 922 006c 0D       		.uleb128 0xd
 923 006d 00       		.byte	0
 924 006e 03       		.uleb128 0x3
 925 006f 08       		.uleb128 0x8
 926 0070 3A       		.uleb128 0x3a
 927 0071 0B       		.uleb128 0xb
 928 0072 3B       		.uleb128 0x3b
 929 0073 0B       		.uleb128 0xb
 930 0074 49       		.uleb128 0x49
 931 0075 13       		.uleb128 0x13
 932 0076 38       		.uleb128 0x38
 933 0077 0B       		.uleb128 0xb
 934 0078 00       		.byte	0
 935 0079 00       		.byte	0
 936 007a 0B       		.uleb128 0xb
 937 007b 26       		.uleb128 0x26
 938 007c 00       		.byte	0
 939 007d 00       		.byte	0
 940 007e 00       		.byte	0
 941 007f 0C       		.uleb128 0xc
 942 0080 01       		.uleb128 0x1
 943 0081 01       		.byte	0x1
 944 0082 49       		.uleb128 0x49
 945 0083 13       		.uleb128 0x13
 946 0084 01       		.uleb128 0x1
 947 0085 13       		.uleb128 0x13
 948 0086 00       		.byte	0
 949 0087 00       		.byte	0
 950 0088 0D       		.uleb128 0xd
 951 0089 21       		.uleb128 0x21
 952 008a 00       		.byte	0
 953 008b 49       		.uleb128 0x49
 954 008c 13       		.uleb128 0x13
 955 008d 2F       		.uleb128 0x2f
 956 008e 0B       		.uleb128 0xb
 957 008f 00       		.byte	0
 958 0090 00       		.byte	0
 959 0091 0E       		.uleb128 0xe
 960 0092 26       		.uleb128 0x26
 961 0093 00       		.byte	0
 962 0094 49       		.uleb128 0x49
 963 0095 13       		.uleb128 0x13
 964 0096 00       		.byte	0
 965 0097 00       		.byte	0
 966 0098 0F       		.uleb128 0xf
 967 0099 34       		.uleb128 0x34
 968 009a 00       		.byte	0
 969 009b 03       		.uleb128 0x3
ARM GAS  C:\Users\billy\AppData\Local\Temp\ccdo7OHM.s 			page 18


 970 009c 0E       		.uleb128 0xe
 971 009d 3A       		.uleb128 0x3a
 972 009e 0B       		.uleb128 0xb
 973 009f 3B       		.uleb128 0x3b
 974 00a0 0B       		.uleb128 0xb
 975 00a1 49       		.uleb128 0x49
 976 00a2 13       		.uleb128 0x13
 977 00a3 3F       		.uleb128 0x3f
 978 00a4 19       		.uleb128 0x19
 979 00a5 02       		.uleb128 0x2
 980 00a6 18       		.uleb128 0x18
 981 00a7 00       		.byte	0
 982 00a8 00       		.byte	0
 983 00a9 10       		.uleb128 0x10
 984 00aa 34       		.uleb128 0x34
 985 00ab 00       		.byte	0
 986 00ac 03       		.uleb128 0x3
 987 00ad 0E       		.uleb128 0xe
 988 00ae 3A       		.uleb128 0x3a
 989 00af 0B       		.uleb128 0xb
 990 00b0 3B       		.uleb128 0x3b
 991 00b1 05       		.uleb128 0x5
 992 00b2 49       		.uleb128 0x49
 993 00b3 13       		.uleb128 0x13
 994 00b4 3F       		.uleb128 0x3f
 995 00b5 19       		.uleb128 0x19
 996 00b6 02       		.uleb128 0x2
 997 00b7 18       		.uleb128 0x18
 998 00b8 00       		.byte	0
 999 00b9 00       		.byte	0
 1000 00ba 00       		.byte	0
 1001              		.section	.debug_aranges,"",%progbits
 1002 0000 14000000 		.4byte	0x14
 1003 0004 0200     		.2byte	0x2
 1004 0006 00000000 		.4byte	.Ldebug_info0
 1005 000a 04       		.byte	0x4
 1006 000b 00       		.byte	0
 1007 000c 0000     		.2byte	0
 1008 000e 0000     		.2byte	0
 1009 0010 00000000 		.4byte	0
 1010 0014 00000000 		.4byte	0
 1011              		.section	.debug_line,"",%progbits
 1012              	.Ldebug_line0:
 1013 0000 5D000000 		.section	.debug_str,"MS",%progbits,1
 1013      02005700 
 1013      00000201 
 1013      FB0E0D00 
 1013      01010101 
 1014              	.LASF28:
 1015 0000 70537461 		.ascii	"pStatusBlock\000"
 1015      74757342 
 1015      6C6F636B 
 1015      00
 1016              	.LASF19:
 1017 000d 61747472 		.ascii	"attributes\000"
 1017      69627574 
 1017      657300
ARM GAS  C:\Users\billy\AppData\Local\Temp\ccdo7OHM.s 			page 19


 1018              	.LASF46:
 1019 0018 55534246 		.ascii	"USBFS_1_DEVICE0_CONFIGURATION0_INTERFACE0_ALTERNATE"
 1019      535F315F 
 1019      44455649 
 1019      4345305F 
 1019      434F4E46 
 1020 004b 305F4849 		.ascii	"0_HID_IN_RPT_TABLE\000"
 1020      445F494E 
 1020      5F525054 
 1020      5F544142 
 1020      4C4500
 1021              	.LASF26:
 1022 005e 636F756E 		.ascii	"count\000"
 1022      7400
 1023              	.LASF4:
 1024 0064 6C6F6E67 		.ascii	"long int\000"
 1024      20696E74 
 1024      00
 1025              	.LASF3:
 1026 006d 73686F72 		.ascii	"short unsigned int\000"
 1026      7420756E 
 1026      7369676E 
 1026      65642069 
 1026      6E7400
 1027              	.LASF33:
 1028 0080 55534246 		.ascii	"USBFS_1_DEVICE0_CONFIGURATION0_DESCR\000"
 1028      535F315F 
 1028      44455649 
 1028      4345305F 
 1028      434F4E46 
 1029              	.LASF23:
 1030 00a5 73746174 		.ascii	"status\000"
 1030      757300
 1031              	.LASF41:
 1032 00ac 55534246 		.ascii	"USBFS_1_DEVICE0_CONFIGURATION0_INTERFACE0_ALTERNATE"
 1032      535F315F 
 1032      44455649 
 1032      4345305F 
 1032      434F4E46 
 1033 00df 305F4849 		.ascii	"0_HID_IN_RPT_SCB\000"
 1033      445F494E 
 1033      5F525054 
 1033      5F534342 
 1033      00
 1034              	.LASF27:
 1035 00f0 70446174 		.ascii	"pData\000"
 1035      6100
 1036              	.LASF17:
 1037 00f6 616C7453 		.ascii	"altSetting\000"
 1037      65747469 
 1037      6E6700
 1038              	.LASF11:
 1039 0101 666C6F61 		.ascii	"float\000"
 1039      7400
 1040              	.LASF48:
 1041 0107 55534246 		.ascii	"USBFS_1_DEVICE0_CONFIGURATION0_INTERFACE0_ALTERNATE"
 1041      535F315F 
ARM GAS  C:\Users\billy\AppData\Local\Temp\ccdo7OHM.s 			page 20


 1041      44455649 
 1041      4345305F 
 1041      434F4E46 
 1042 013a 305F4849 		.ascii	"0_HID_TABLE\000"
 1042      445F5441 
 1042      424C4500 
 1043              	.LASF39:
 1044 0146 55534246 		.ascii	"USBFS_1_TABLE\000"
 1044      535F315F 
 1044      5441424C 
 1044      4500
 1045              	.LASF1:
 1046 0154 756E7369 		.ascii	"unsigned char\000"
 1046      676E6564 
 1046      20636861 
 1046      7200
 1047              	.LASF49:
 1048 0162 474E5520 		.ascii	"GNU C11 5.4.1 20160609 (release) [ARM/embedded-5-br"
 1048      43313120 
 1048      352E342E 
 1048      31203230 
 1048      31363036 
 1049 0195 616E6368 		.ascii	"anch revision 237715] -mcpu=cortex-m3 -mthumb -g -O"
 1049      20726576 
 1049      6973696F 
 1049      6E203233 
 1049      37373135 
 1050 01c8 67202D66 		.ascii	"g -ffunction-sections -ffat-lto-objects\000"
 1050      66756E63 
 1050      74696F6E 
 1050      2D736563 
 1050      74696F6E 
 1051              	.LASF51:
 1052 01f0 433A5C55 		.ascii	"C:\\Users\\billy\\Documents\\PSoC Creator\\PSoC-5LP"
 1052      73657273 
 1052      5C62696C 
 1052      6C795C44 
 1052      6F63756D 
 1053 021e 2D47616D 		.ascii	"-Gamepad\\CyController1.cydsn\000"
 1053      65706164 
 1053      5C437943 
 1053      6F6E7472 
 1053      6F6C6C65 
 1054              	.LASF5:
 1055 023b 6C6F6E67 		.ascii	"long unsigned int\000"
 1055      20756E73 
 1055      69676E65 
 1055      6420696E 
 1055      7400
 1056              	.LASF18:
 1057 024d 61646472 		.ascii	"addr\000"
 1057      00
 1058              	.LASF25:
 1059 0252 545F5553 		.ascii	"T_USBFS_1_XFER_STATUS_BLOCK\000"
 1059      4246535F 
 1059      315F5846 
 1059      45525F53 
ARM GAS  C:\Users\billy\AppData\Local\Temp\ccdo7OHM.s 			page 21


 1059      54415455 
 1060              	.LASF38:
 1061 026e 55534246 		.ascii	"USBFS_1_DEVICE0_TABLE\000"
 1061      535F315F 
 1061      44455649 
 1061      4345305F 
 1061      5441424C 
 1062              	.LASF22:
 1063 0284 545F5553 		.ascii	"T_USBFS_1_EP_SETTINGS_BLOCK\000"
 1063      4246535F 
 1063      315F4550 
 1063      5F534554 
 1063      54494E47 
 1064              	.LASF44:
 1065 02a0 55534246 		.ascii	"USBFS_1_DEVICE0_CONFIGURATION0_INTERFACE0_ALTERNATE"
 1065      535F315F 
 1065      44455649 
 1065      4345305F 
 1065      434F4E46 
 1066 02d3 305F4849 		.ascii	"0_HID_OUT_BUF\000"
 1066      445F4F55 
 1066      545F4255 
 1066      4600
 1067              	.LASF12:
 1068 02e1 646F7562 		.ascii	"double\000"
 1068      6C6500
 1069              	.LASF10:
 1070 02e8 75696E74 		.ascii	"uint16\000"
 1070      313600
 1071              	.LASF35:
 1072 02ef 55534246 		.ascii	"USBFS_1_DEVICE0_CONFIGURATION0_EP_SETTINGS_TABLE\000"
 1072      535F315F 
 1072      44455649 
 1072      4345305F 
 1072      434F4E46 
 1073              	.LASF8:
 1074 0320 756E7369 		.ascii	"unsigned int\000"
 1074      676E6564 
 1074      20696E74 
 1074      00
 1075              	.LASF31:
 1076 032d 545F5553 		.ascii	"T_USBFS_1_LUT\000"
 1076      4246535F 
 1076      315F4C55 
 1076      5400
 1077              	.LASF32:
 1078 033b 55534246 		.ascii	"USBFS_1_DEVICE0_DESCR\000"
 1078      535F315F 
 1078      44455649 
 1078      4345305F 
 1078      44455343 
 1079              	.LASF7:
 1080 0351 6C6F6E67 		.ascii	"long long unsigned int\000"
 1080      206C6F6E 
 1080      6720756E 
 1080      7369676E 
 1080      65642069 
ARM GAS  C:\Users\billy\AppData\Local\Temp\ccdo7OHM.s 			page 22


 1081              	.LASF30:
 1082 0368 705F6C69 		.ascii	"p_list\000"
 1082      737400
 1083              	.LASF43:
 1084 036f 55534246 		.ascii	"USBFS_1_DEVICE0_CONFIGURATION0_INTERFACE0_ALTERNATE"
 1084      535F315F 
 1084      44455649 
 1084      4345305F 
 1084      434F4E46 
 1085 03a2 305F4849 		.ascii	"0_HID_OUT_RPT_SCB\000"
 1085      445F4F55 
 1085      545F5250 
 1085      545F5343 
 1085      4200
 1086              	.LASF47:
 1087 03b4 55534246 		.ascii	"USBFS_1_DEVICE0_CONFIGURATION0_INTERFACE0_ALTERNATE"
 1087      535F315F 
 1087      44455649 
 1087      4345305F 
 1087      434F4E46 
 1088 03e7 305F4849 		.ascii	"0_HID_OUT_RPT_TABLE\000"
 1088      445F4F55 
 1088      545F5250 
 1088      545F5441 
 1088      424C4500 
 1089              	.LASF15:
 1090 03fb 73697A65 		.ascii	"sizetype\000"
 1090      74797065 
 1090      00
 1091              	.LASF45:
 1092 0404 55534246 		.ascii	"USBFS_1_HIDREPORT_DESCRIPTOR1\000"
 1092      535F315F 
 1092      48494452 
 1092      45504F52 
 1092      545F4445 
 1093              	.LASF6:
 1094 0422 6C6F6E67 		.ascii	"long long int\000"
 1094      206C6F6E 
 1094      6720696E 
 1094      7400
 1095              	.LASF50:
 1096 0430 47656E65 		.ascii	"Generated_Source\\PSoC5\\USBFS_1_descr.c\000"
 1096      72617465 
 1096      645F536F 
 1096      75726365 
 1096      5C50536F 
 1097              	.LASF34:
 1098 0457 55534246 		.ascii	"USBFS_1_DEVICE0_CONFIGURATION0_INTERFACE0_TABLE\000"
 1098      535F315F 
 1098      44455649 
 1098      4345305F 
 1098      434F4E46 
 1099              	.LASF20:
 1100 0487 62756666 		.ascii	"bufferSize\000"
 1100      65725369 
 1100      7A6500
 1101              	.LASF2:
ARM GAS  C:\Users\billy\AppData\Local\Temp\ccdo7OHM.s 			page 23


 1102 0492 73686F72 		.ascii	"short int\000"
 1102      7420696E 
 1102      7400
 1103              	.LASF9:
 1104 049c 75696E74 		.ascii	"uint8\000"
 1104      3800
 1105              	.LASF16:
 1106 04a2 696E7465 		.ascii	"interface\000"
 1106      72666163 
 1106      6500
 1107              	.LASF40:
 1108 04ac 55534246 		.ascii	"USBFS_1_STRING_DESCRIPTORS\000"
 1108      535F315F 
 1108      53545249 
 1108      4E475F44 
 1108      45534352 
 1109              	.LASF36:
 1110 04c7 55534246 		.ascii	"USBFS_1_DEVICE0_CONFIGURATION0_INTERFACE_CLASS\000"
 1110      535F315F 
 1110      44455649 
 1110      4345305F 
 1110      434F4E46 
 1111              	.LASF13:
 1112 04f6 63686172 		.ascii	"char\000"
 1112      00
 1113              	.LASF14:
 1114 04fb 6C6F6E67 		.ascii	"long double\000"
 1114      20646F75 
 1114      626C6500 
 1115              	.LASF29:
 1116 0507 545F5553 		.ascii	"T_USBFS_1_TD\000"
 1116      4246535F 
 1116      315F5444 
 1116      00
 1117              	.LASF0:
 1118 0514 7369676E 		.ascii	"signed char\000"
 1118      65642063 
 1118      68617200 
 1119              	.LASF42:
 1120 0520 55534246 		.ascii	"USBFS_1_DEVICE0_CONFIGURATION0_INTERFACE0_ALTERNATE"
 1120      535F315F 
 1120      44455649 
 1120      4345305F 
 1120      434F4E46 
 1121 0553 305F4849 		.ascii	"0_HID_IN_BUF\000"
 1121      445F494E 
 1121      5F425546 
 1121      00
 1122              	.LASF24:
 1123 0560 6C656E67 		.ascii	"length\000"
 1123      746800
 1124              	.LASF37:
 1125 0567 55534246 		.ascii	"USBFS_1_DEVICE0_CONFIGURATION0_TABLE\000"
 1125      535F315F 
 1125      44455649 
 1125      4345305F 
 1125      434F4E46 
ARM GAS  C:\Users\billy\AppData\Local\Temp\ccdo7OHM.s 			page 24


 1126              	.LASF21:
 1127 058c 624D6973 		.ascii	"bMisc\000"
 1127      6300
 1128              		.ident	"GCC: (GNU Tools for ARM Embedded Processors) 5.4.1 20160609 (release) [ARM/embedded-5-bran
